<?xml version="1.0" encoding="UTF-8"?>
<testsuites name="ParticipantsPage Test" time="202" tests="6" failures="0" errors="0">
   <testsuite name="ParticipantsPage Test" tests="6" failures="0" errors="0" time="202" timestamp="2019-04-11 17:56:07" hostname="win10 - DESKTOP-28KHHQ1" id="Test Suites/ParticipantsPage Test">
      <properties>
         <property name="deviceName" value=""/>
         <property name="devicePlatform" value=""/>
         <property name="logFolder" value="C:\\Users\\win10\\git\\hcm_qa\\OCS_HCM\\OCS_HCM\\Reports\\ParticipantsPage Test\\20190411_175603"/>
         <property name="logFiles" value="C:\\Users\\win10\\git\\hcm_qa\\OCS_HCM\\OCS_HCM\\Reports\\ParticipantsPage Test\\20190411_175603\\execution0.log"/>
         <property name="attachments" value=""/>
         <property name="hostName" value="win10 - DESKTOP-28KHHQ1"/>
         <property name="os" value="Windows 10 64bit"/>
         <property name="katalonVersion" value="6.1.0.1"/>
         <property name="browser" value="Firefox 66.0"/>
         <property name="hostAddress" value="10.159.242.133"/>
         <property name="sessionId" value="d0523766-0f91-4acd-abf7-2a54de8cf836"/>
         <property name="seleniumVersion" value="3.7.1"/>
         <property name="proxyInformation" value="ProxyInformation{proxyOption=NO_PROXY, proxyServerType=HTTP, password=, proxyServerAddress=, proxyServerPort=0}"/>
         <property name="platform" value="Windows 10"/>
      </properties>
      <testcase name="Test Cases/OCS_Page_Test/Participants_Test/DashBoard_Validate" classname="Test Cases/OCS_Page_Test/Participants_Test/DashBoard_Validate" status="PASSED">
         <system-out><![CDATA[2019-04-11 17:56:08 - [TEST_CASE][PASSED] - Test Cases/OCS_Page_Test/Participants_Test/DashBoard_Validate: Test Cases/OCS_Page_Test/Participants_Test/DashBoard_Validate

2019-04-11 17:56:09 - [TEST_STEP][PASSED] - callTestCase(findTestCase("SetUpp/SetUp"), [:], STOP_ON_FAILURE): Call Test Case 'Test Cases/SetUpp/SetUp' successfully

2019-04-11 17:56:10 - [TEST_CASE][PASSED] - Test Cases/SetUpp/SetUp: Test Cases/SetUpp/SetUp

2019-04-11 17:56:11 - [TEST_STEP][PASSED] - openBrowser(""): Browser is opened with url: ''

2019-04-11 17:56:11 - [MESSAGE][INFO] - Starting 'Firefox' driver

2019-04-11 17:56:11 - [MESSAGE][INFO] - Action delay is set to 0 seconds

2019-04-11 17:56:17 - [MESSAGE][PASSED] - Browser is opened with url: ''

2019-04-11 17:56:17 - [TEST_STEP][PASSED] - navigateToUrl("https://ydtwebstaging.com"): Navigate to 'https://ydtwebstaging.com' successfully

2019-04-11 17:56:28 - [MESSAGE][PASSED] - Navigate to 'https://ydtwebstaging.com' successfully

2019-04-11 17:56:28 - [TEST_STEP][PASSED] - maximizeWindow(): Current window maximized

2019-04-11 17:56:28 - [MESSAGE][PASSED] - Current window maximized

2019-04-11 17:56:28 - [TEST_STEP][PASSED] - deleteAllCookies(): Delete all cookies successfully

2019-04-11 17:56:28 - [MESSAGE][PASSED] - Delete all cookies successfully

2019-04-11 17:56:28 - [TEST_STEP][PASSED] - getWindowTitle(): Current window's title is: 'Healthcare Manager'

2019-04-11 17:56:28 - [MESSAGE][PASSED] - Current window's title is: 'Healthcare Manager'

2019-04-11 17:56:28 - [TEST_STEP][PASSED] - waitForPageLoad(30): Wait for page load successfully

2019-04-11 17:56:28 - [MESSAGE][PASSED] - Wait for page load successfully

2019-04-11 17:56:28 - [MESSAGE][PASSED] - Call Test Case 'Test Cases/SetUpp/SetUp' successfully

2019-04-11 17:56:28 - [TEST_STEP][PASSED] - callTestCase(findTestCase("OCS_Page/Login_Page/LoginPage_Positive_validate"), [:], STOP_ON_FAILURE): Call Test Case 'Test Cases/OCS_Page/Login_Page/LoginPage_Positive_validate' successfully

2019-04-11 17:56:28 - [TEST_CASE][PASSED] - Test Cases/OCS_Page/Login_Page/LoginPage_Positive_validate: Test Cases/OCS_Page/Login_Page/LoginPage_Positive_validate

2019-04-11 17:56:29 - [TEST_STEP][PASSED] - setText(findTestObject("Login_Page_OB/Page_Healthcare Manager/input_Login here_username"), "Archana@123"): Text 'Archana@123' is set on object 'Object Repository/Login_Page_OB/Page_Healthcare Manager/input_Login here_username'

2019-04-11 17:56:29 - [MESSAGE][PASSED] - Text 'Archana@123' is set on object 'Object Repository/Login_Page_OB/Page_Healthcare Manager/input_Login here_username'

2019-04-11 17:56:29 - [TEST_STEP][PASSED] - setText(findTestObject("Login_Page_OB/Page_Healthcare Manager/input_Login here_password"), "Archana@123"): Text 'Archana@123' is set on object 'Object Repository/Login_Page_OB/Page_Healthcare Manager/input_Login here_password'

2019-04-11 17:56:29 - [MESSAGE][PASSED] - Text 'Archana@123' is set on object 'Object Repository/Login_Page_OB/Page_Healthcare Manager/input_Login here_password'

2019-04-11 17:56:29 - [TEST_STEP][PASSED] - click(findTestObject("Login_Page_OB/Page_Healthcare Manager/button_Submit")): Object: 'Object Repository/Login_Page_OB/Page_Healthcare Manager/button_Submit' is clicked on

2019-04-11 17:56:29 - [MESSAGE][PASSED] - Object: 'Object Repository/Login_Page_OB/Page_Healthcare Manager/button_Submit' is clicked on

2019-04-11 17:56:29 - [TEST_STEP][NOT_RUN] - verifyElementVisible(findTestObject("Login_Page_OB/Page_Healthcare Manager/div_Login successfully")): NOT_RUN: verifyElementVisible(findTestObject("Login_Page_OB/Page_Healthcare Manager/div_Login successfully"))

2019-04-11 17:56:29 - [MESSAGE][NOT_RUN] - NOT_RUN: verifyElementVisible(findTestObject("Login_Page_OB/Page_Healthcare Manager/div_Login successfully"))

2019-04-11 17:56:29 - [MESSAGE][PASSED] - Call Test Case 'Test Cases/OCS_Page/Login_Page/LoginPage_Positive_validate' successfully

2019-04-11 17:56:29 - [TEST_STEP][PASSED] - callTestCase(findTestCase("OCS_Page/Participants_page/Participants_DashBoard_page"), [:], STOP_ON_FAILURE): Call Test Case 'Test Cases/OCS_Page/Participants_page/Participants_DashBoard_page' successfully

2019-04-11 17:56:29 - [TEST_CASE][PASSED] - Test Cases/OCS_Page/Participants_page/Participants_DashBoard_page: Test Cases/OCS_Page/Participants_page/Participants_DashBoard_page

2019-04-11 17:56:29 - [TEST_STEP][PASSED] - click(findTestObject("Home_Page_OR/Page_Healthcare Manager/p_Participants")): Object: 'Object Repository/Home_Page_OR/Page_Healthcare Manager/p_Participants' is clicked on

2019-04-11 17:56:32 - [MESSAGE][PASSED] - Object: 'Object Repository/Home_Page_OR/Page_Healthcare Manager/p_Participants' is clicked on

2019-04-11 17:56:32 - [TEST_STEP][PASSED] - verifyElementPresent(findTestObject("Participants_Page_OR/dashBoard/Page_Healthcare Manager/h1_Participants"), 10): Object 'Object Repository/Participants_Page_OR/dashBoard/Page_Healthcare Manager/h1_Participants' is present

2019-04-11 17:56:33 - [MESSAGE][PASSED] - Object 'Object Repository/Participants_Page_OR/dashBoard/Page_Healthcare Manager/h1_Participants' is present

2019-04-11 17:56:33 - [TEST_STEP][PASSED] - verifyElementPresent(findTestObject("Participants_Page_OR/dashBoard/Page_Healthcare Manager/canvas_New Participant Graph_chartjs-render-monitor"), 10): Object 'Object Repository/Participants_Page_OR/dashBoard/Page_Healthcare Manager/canvas_New Participant Graph_chartjs-render-monitor' is present

2019-04-11 17:56:33 - [MESSAGE][PASSED] - Object 'Object Repository/Participants_Page_OR/dashBoard/Page_Healthcare Manager/canvas_New Participant Graph_chartjs-render-monitor' is present

2019-04-11 17:56:33 - [TEST_STEP][PASSED] - click(findTestObject("Participants_Page_OR/dashBoard/Page_Healthcare Manager/span_Week")): Object: 'Object Repository/Participants_Page_OR/dashBoard/Page_Healthcare Manager/span_Week' is clicked on

2019-04-11 17:56:33 - [MESSAGE][PASSED] - Object: 'Object Repository/Participants_Page_OR/dashBoard/Page_Healthcare Manager/span_Week' is clicked on

2019-04-11 17:56:33 - [TEST_STEP][PASSED] - sendKeys(findTestObject("Participants_Page_OR/dashBoard/Page_Healthcare Manager/input_Year_search"), "archana archana"): Keys 'archana archana' sent to object: 'Object Repository/Participants_Page_OR/dashBoard/Page_Healthcare Manager/input_Year_search'

2019-04-11 17:56:34 - [MESSAGE][PASSED] - Keys 'archana archana' sent to object: 'Object Repository/Participants_Page_OR/dashBoard/Page_Healthcare Manager/input_Year_search'

2019-04-11 17:56:34 - [TEST_STEP][PASSED] - waitForElementClickable(findTestObject("Participants_Page_OR/dashBoard/Page_Healthcare Manager/span_Year_icon icon-search"), 10): Object 'Object Repository/Participants_Page_OR/dashBoard/Page_Healthcare Manager/span_Year_icon icon-search' is clickable

2019-04-11 17:56:34 - [MESSAGE][PASSED] - Object 'Object Repository/Participants_Page_OR/dashBoard/Page_Healthcare Manager/span_Year_icon icon-search' is clickable

2019-04-11 17:56:34 - [TEST_STEP][PASSED] - click(findTestObject("Participants_Page_OR/dashBoard/Page_Healthcare Manager/small_Include Inactive")): Object: 'Object Repository/Participants_Page_OR/dashBoard/Page_Healthcare Manager/small_Include Inactive' is clicked on

2019-04-11 17:56:34 - [MESSAGE][PASSED] - Object: 'Object Repository/Participants_Page_OR/dashBoard/Page_Healthcare Manager/small_Include Inactive' is clicked on

2019-04-11 17:56:34 - [MESSAGE][PASSED] - Call Test Case 'Test Cases/OCS_Page/Participants_page/Participants_DashBoard_page' successfully

2019-04-11 17:56:34 - [TEST_STEP][PASSED] - callTestCase(findTestCase("TearDown/Broweser _close"), [:], STOP_ON_FAILURE): Call Test Case 'Test Cases/TearDown/Broweser _close' successfully

2019-04-11 17:56:34 - [TEST_CASE][PASSED] - Test Cases/TearDown/Broweser _close: Test Cases/TearDown/Broweser _close

2019-04-11 17:56:34 - [TEST_STEP][PASSED] - closeBrowser(): Browser is closed

2019-04-11 17:56:35 - [MESSAGE][PASSED] - Browser is closed

2019-04-11 17:56:35 - [MESSAGE][PASSED] - Call Test Case 'Test Cases/TearDown/Broweser _close' successfully]]></system-out>
         <system-err><![CDATA[]]></system-err>
      </testcase>
      <testcase name="Test Cases/OCS_Page_Test/Participants_Test/CreateParticipants_Validate" classname="Test Cases/OCS_Page_Test/Participants_Test/CreateParticipants_Validate" status="PASSED">
         <system-out><![CDATA[2019-04-11 17:56:35 - [TEST_CASE][PASSED] - Test Cases/OCS_Page_Test/Participants_Test/CreateParticipants_Validate: Test Cases/OCS_Page_Test/Participants_Test/CreateParticipants_Validate

2019-04-11 17:56:35 - [TEST_STEP][PASSED] - callTestCase(findTestCase("OCS_Page/Participants_page/Care_CreateParticipantsPage"), [:], STOP_ON_FAILURE): Call Test Case 'Test Cases/OCS_Page/Participants_page/Care_CreateParticipantsPage' successfully

2019-04-11 17:56:35 - [TEST_CASE][PASSED] - Test Cases/OCS_Page/Participants_page/Care_CreateParticipantsPage: Test Cases/OCS_Page/Participants_page/Care_CreateParticipantsPage

2019-04-11 17:56:35 - [TEST_STEP][PASSED] - callTestCase(findTestCase("OCS_Page/Participants_page/participants_CrreateNewParticippants_Page"), [:], STOP_ON_FAILURE): Call Test Case 'Test Cases/OCS_Page/Participants_page/participants_CrreateNewParticippants_Page' successfully

2019-04-11 17:56:35 - [TEST_CASE][PASSED] - Test Cases/OCS_Page/Participants_page/participants_CrreateNewParticippants_Page: Test Cases/OCS_Page/Participants_page/participants_CrreateNewParticippants_Page

2019-04-11 17:56:35 - [TEST_STEP][PASSED] - openBrowser(""): Browser is opened with url: ''

2019-04-11 17:56:35 - [MESSAGE][INFO] - Starting 'Firefox' driver

2019-04-11 17:56:38 - [MESSAGE][PASSED] - Browser is opened with url: ''

2019-04-11 17:56:38 - [TEST_STEP][PASSED] - navigateToUrl("https://ydtwebstaging.com/"): Navigate to 'https://ydtwebstaging.com/' successfully

2019-04-11 17:56:45 - [MESSAGE][PASSED] - Navigate to 'https://ydtwebstaging.com/' successfully

2019-04-11 17:56:45 - [TEST_STEP][PASSED] - setText(findTestObject("Login_Page_OB/Page_Healthcare Manager/input_Login here_username"), "archana321"): Text 'archana321' is set on object 'Object Repository/Login_Page_OB/Page_Healthcare Manager/input_Login here_username'

2019-04-11 17:56:46 - [MESSAGE][PASSED] - Text 'archana321' is set on object 'Object Repository/Login_Page_OB/Page_Healthcare Manager/input_Login here_username'

2019-04-11 17:56:46 - [TEST_STEP][PASSED] - setText(findTestObject("Login_Page_OB/Page_Healthcare Manager/input_Login here_password"), "Archana321@"): Text 'Archana321@' is set on object 'Object Repository/Login_Page_OB/Page_Healthcare Manager/input_Login here_password'

2019-04-11 17:56:46 - [MESSAGE][PASSED] - Text 'Archana321@' is set on object 'Object Repository/Login_Page_OB/Page_Healthcare Manager/input_Login here_password'

2019-04-11 17:56:46 - [TEST_STEP][PASSED] - submit(findTestObject("Login_Page_OB/Page_Healthcare Manager/button_Submit")): The form containing object: 'Object Repository/Login_Page_OB/Page_Healthcare Manager/button_Submit' is submitted

2019-04-11 17:56:46 - [MESSAGE][PASSED] - The form containing object: 'Object Repository/Login_Page_OB/Page_Healthcare Manager/button_Submit' is submitted

2019-04-11 17:56:46 - [TEST_STEP][PASSED] - click(findTestObject("Home_Page_OR/Page_Healthcare Manager/p_Participants")): Object: 'Object Repository/Home_Page_OR/Page_Healthcare Manager/p_Participants' is clicked on

2019-04-11 17:56:48 - [MESSAGE][PASSED] - Object: 'Object Repository/Home_Page_OR/Page_Healthcare Manager/p_Participants' is clicked on

2019-04-11 17:56:48 - [TEST_STEP][PASSED] - click(findTestObject("Object Repository/Participants_Page_OR/Create Participants/Page_Healthcare Manager/span_Create New Participant")): Object: 'Object Repository/Participants_Page_OR/Create Participants/Page_Healthcare Manager/span_Create New Participant' is clicked on

2019-04-11 17:56:50 - [MESSAGE][PASSED] - Object: 'Object Repository/Participants_Page_OR/Create Participants/Page_Healthcare Manager/span_Create New Participant' is clicked on

2019-04-11 17:56:50 - [TEST_STEP][PASSED] - setText(findTestObject("Object Repository/Participants_Page_OR/Create Participants/Page_Healthcare Manager/input_User Name_username"), "TestDeozxdfvg"): Text 'TestDeozxdfvg' is set on object 'Object Repository/Participants_Page_OR/Create Participants/Page_Healthcare Manager/input_User Name_username'

2019-04-11 17:56:50 - [MESSAGE][PASSED] - Text 'TestDeozxdfvg' is set on object 'Object Repository/Participants_Page_OR/Create Participants/Page_Healthcare Manager/input_User Name_username'

2019-04-11 17:56:50 - [TEST_STEP][PASSED] - setText(findTestObject("Object Repository/Participants_Page_OR/Create Participants/Page_Healthcare Manager/input_First Name_firstname"), "Testarch"): Text 'Testarch' is set on object 'Object Repository/Participants_Page_OR/Create Participants/Page_Healthcare Manager/input_First Name_firstname'

2019-04-11 17:56:51 - [MESSAGE][PASSED] - Text 'Testarch' is set on object 'Object Repository/Participants_Page_OR/Create Participants/Page_Healthcare Manager/input_First Name_firstname'

2019-04-11 17:56:51 - [TEST_STEP][PASSED] - setText(findTestObject("Object Repository/Participants_Page_OR/Create Participants/Page_Healthcare Manager/input_Middle  Name_middlename"), "archa"): Text 'archa' is set on object 'Object Repository/Participants_Page_OR/Create Participants/Page_Healthcare Manager/input_Middle  Name_middlename'

2019-04-11 17:56:51 - [MESSAGE][PASSED] - Text 'archa' is set on object 'Object Repository/Participants_Page_OR/Create Participants/Page_Healthcare Manager/input_Middle  Name_middlename'

2019-04-11 17:56:51 - [TEST_STEP][PASSED] - setText(findTestObject("Object Repository/Participants_Page_OR/Create Participants/Page_Healthcare Manager/input_Last Name_lastname"), "archa"): Text 'archa' is set on object 'Object Repository/Participants_Page_OR/Create Participants/Page_Healthcare Manager/input_Last Name_lastname'

2019-04-11 17:56:51 - [MESSAGE][PASSED] - Text 'archa' is set on object 'Object Repository/Participants_Page_OR/Create Participants/Page_Healthcare Manager/input_Last Name_lastname'

2019-04-11 17:56:51 - [TEST_STEP][PASSED] - click(findTestObject("Object Repository/Participants_Page_OR/Create Participants/Page_Healthcare Manager/div_No Preference")): Object: 'Object Repository/Participants_Page_OR/Create Participants/Page_Healthcare Manager/div_No Preference' is clicked on

2019-04-11 17:56:51 - [MESSAGE][PASSED] - Object: 'Object Repository/Participants_Page_OR/Create Participants/Page_Healthcare Manager/div_No Preference' is clicked on

2019-04-11 17:56:51 - [TEST_STEP][PASSED] - click(findTestObject("Participants_Page_OR/Create Participants/Page_Healthcare Manager/Page_Healthcare Manager/div_Female"), STOP_ON_FAILURE): Object: 'Object Repository/Participants_Page_OR/Create Participants/Page_Healthcare Manager/Page_Healthcare Manager/div_Female' is clicked on

2019-04-11 17:56:52 - [MESSAGE][PASSED] - Object: 'Object Repository/Participants_Page_OR/Create Participants/Page_Healthcare Manager/Page_Healthcare Manager/div_Female' is clicked on

2019-04-11 17:56:52 - [TEST_STEP][PASSED] - click(findTestObject("Participants_Page_OR/Create Participants/Page_Healthcare Manager/Page_Healthcare Manager/input_DOB_Dob")): Object: 'Object Repository/Participants_Page_OR/Create Participants/Page_Healthcare Manager/Page_Healthcare Manager/input_DOB_Dob' is clicked on

2019-04-11 17:56:52 - [MESSAGE][PASSED] - Object: 'Object Repository/Participants_Page_OR/Create Participants/Page_Healthcare Manager/Page_Healthcare Manager/input_DOB_Dob' is clicked on

2019-04-11 17:56:52 - [TEST_STEP][PASSED] - setText(findTestObject("Participants_Page_OR/Create Participants/Page_Healthcare Manager/Page_Healthcare Manager/input_DOB_Dob"), "13/01/2004"): Text '13/01/2004' is set on object 'Object Repository/Participants_Page_OR/Create Participants/Page_Healthcare Manager/Page_Healthcare Manager/input_DOB_Dob'

2019-04-11 17:56:52 - [MESSAGE][PASSED] - Text '13/01/2004' is set on object 'Object Repository/Participants_Page_OR/Create Participants/Page_Healthcare Manager/Page_Healthcare Manager/input_DOB_Dob'

2019-04-11 17:56:52 - [TEST_STEP][PASSED] - click(findTestObject("Participants_Page_OR/Create Participants/Page_Healthcare Manager/Page_Healthcare Manager/Page_Healthcare Manager/span_No")): Object: 'Object Repository/Participants_Page_OR/Create Participants/Page_Healthcare Manager/Page_Healthcare Manager/Page_Healthcare Manager/span_No' is clicked on

2019-04-11 17:56:52 - [MESSAGE][PASSED] - Object: 'Object Repository/Participants_Page_OR/Create Participants/Page_Healthcare Manager/Page_Healthcare Manager/Page_Healthcare Manager/span_No' is clicked on

2019-04-11 17:56:52 - [TEST_STEP][PASSED] - click(findTestObject("Participants_Page_OR/Create Participants/Page_Healthcare Manager/Page_Healthcare Manager/Page_Healthcare Manager/div_Yes")): Object: 'Object Repository/Participants_Page_OR/Create Participants/Page_Healthcare Manager/Page_Healthcare Manager/Page_Healthcare Manager/div_Yes' is clicked on

2019-04-11 17:56:53 - [MESSAGE][PASSED] - Object: 'Object Repository/Participants_Page_OR/Create Participants/Page_Healthcare Manager/Page_Healthcare Manager/Page_Healthcare Manager/div_Yes' is clicked on

2019-04-11 17:56:53 - [TEST_STEP][PASSED] - click(findTestObject("Participants_Page_OR/Create Participants/Page_Healthcare Manager/Page_Healthcare Manager/Page_Healthcare Manager/Page_Healthcare Manager/div_Relation")): Object: 'Object Repository/Participants_Page_OR/Create Participants/Page_Healthcare Manager/Page_Healthcare Manager/Page_Healthcare Manager/Page_Healthcare Manager/div_Relation' is clicked on

2019-04-11 17:56:53 - [MESSAGE][PASSED] - Object: 'Object Repository/Participants_Page_OR/Create Participants/Page_Healthcare Manager/Page_Healthcare Manager/Page_Healthcare Manager/Page_Healthcare Manager/div_Relation' is clicked on

2019-04-11 17:56:53 - [TEST_STEP][PASSED] - click(findTestObject("Participants_Page_OR/Create Participants/Page_Healthcare Manager/Page_Healthcare Manager/Page_Healthcare Manager/Page_Healthcare Manager/div_Guardian")): Object: 'Object Repository/Participants_Page_OR/Create Participants/Page_Healthcare Manager/Page_Healthcare Manager/Page_Healthcare Manager/Page_Healthcare Manager/div_Guardian' is clicked on

2019-04-11 17:56:54 - [MESSAGE][PASSED] - Object: 'Object Repository/Participants_Page_OR/Create Participants/Page_Healthcare Manager/Page_Healthcare Manager/Page_Healthcare Manager/Page_Healthcare Manager/div_Guardian' is clicked on

2019-04-11 17:56:54 - [TEST_STEP][PASSED] - setText(findTestObject("Object Repository/Participants_Page_OR/Create Participants/Page_Healthcare Manager/input_Referrer First Name_Referrer_first_name"), "archana"): Text 'archana' is set on object 'Object Repository/Participants_Page_OR/Create Participants/Page_Healthcare Manager/input_Referrer First Name_Referrer_first_name'

2019-04-11 17:56:54 - [MESSAGE][PASSED] - Text 'archana' is set on object 'Object Repository/Participants_Page_OR/Create Participants/Page_Healthcare Manager/input_Referrer First Name_Referrer_first_name'

2019-04-11 17:56:54 - [TEST_STEP][PASSED] - click(findTestObject("Object Repository/Participants_Page_OR/Create Participants/Page_Healthcare Manager/div_Last Name")): Object: 'Object Repository/Participants_Page_OR/Create Participants/Page_Healthcare Manager/div_Last Name' is clicked on

2019-04-11 17:56:54 - [MESSAGE][PASSED] - Object: 'Object Repository/Participants_Page_OR/Create Participants/Page_Healthcare Manager/div_Last Name' is clicked on

2019-04-11 17:56:54 - [TEST_STEP][PASSED] - setText(findTestObject("Object Repository/Participants_Page_OR/Create Participants/Page_Healthcare Manager/input_Last Name_Referrer_last_name"), "archana"): Text 'archana' is set on object 'Object Repository/Participants_Page_OR/Create Participants/Page_Healthcare Manager/input_Last Name_Referrer_last_name'

2019-04-11 17:56:54 - [MESSAGE][PASSED] - Text 'archana' is set on object 'Object Repository/Participants_Page_OR/Create Participants/Page_Healthcare Manager/input_Last Name_Referrer_last_name'

2019-04-11 17:56:54 - [TEST_STEP][PASSED] - setText(findTestObject("Object Repository/Participants_Page_OR/Create Participants/Page_Healthcare Manager/input_Phone_Referrer_phone"), "1234567890"): Text '1234567890' is set on object 'Object Repository/Participants_Page_OR/Create Participants/Page_Healthcare Manager/input_Phone_Referrer_phone'

2019-04-11 17:56:55 - [MESSAGE][PASSED] - Text '1234567890' is set on object 'Object Repository/Participants_Page_OR/Create Participants/Page_Healthcare Manager/input_Phone_Referrer_phone'

2019-04-11 17:56:55 - [TEST_STEP][PASSED] - setText(findTestObject("Object Repository/Participants_Page_OR/Create Participants/Page_Healthcare Manager/input_Phone (Primary)_phone_primary0"), "1234567890"): Text '1234567890' is set on object 'Object Repository/Participants_Page_OR/Create Participants/Page_Healthcare Manager/input_Phone (Primary)_phone_primary0'

2019-04-11 17:56:55 - [MESSAGE][PASSED] - Text '1234567890' is set on object 'Object Repository/Participants_Page_OR/Create Participants/Page_Healthcare Manager/input_Phone (Primary)_phone_primary0'

2019-04-11 17:56:55 - [TEST_STEP][PASSED] - setText(findTestObject("Participants_Page_OR/dashBoard/Page_Healthcare Manager/Page_Healthcare Manager/Page_Healthcare Manager/Page_Healthcare Manager/input_Email_Referrer_email"), "test@gmail.com"): Text 'test@gmail.com' is set on object 'Object Repository/Participants_Page_OR/dashBoard/Page_Healthcare Manager/Page_Healthcare Manager/Page_Healthcare Manager/Page_Healthcare Manager/input_Email_Referrer_email'

2019-04-11 17:56:55 - [MESSAGE][PASSED] - Text 'test@gmail.com' is set on object 'Object Repository/Participants_Page_OR/dashBoard/Page_Healthcare Manager/Page_Healthcare Manager/Page_Healthcare Manager/Page_Healthcare Manager/input_Email_Referrer_email'

2019-04-11 17:56:55 - [TEST_STEP][PASSED] - setText(findTestObject("Object Repository/Participants_Page_OR/Create Participants/Page_Healthcare Manager/input_Address (Primary)_input_address_primary0"), "test test"): Text 'test test' is set on object 'Object Repository/Participants_Page_OR/Create Participants/Page_Healthcare Manager/input_Address (Primary)_input_address_primary0'

2019-04-11 17:56:55 - [MESSAGE][PASSED] - Text 'test test' is set on object 'Object Repository/Participants_Page_OR/Create Participants/Page_Healthcare Manager/input_Address (Primary)_input_address_primary0'

2019-04-11 17:56:55 - [TEST_STEP][PASSED] - setText(findTestObject("Participants_Page_OR/Create Participants/Page_Healthcare Manager/input_Email_email_0"), "test1@gmail.com"): Text 'test1@gmail.com' is set on object 'Object Repository/Participants_Page_OR/Create Participants/Page_Healthcare Manager/input_Email_email_0'

2019-04-11 17:56:55 - [MESSAGE][PASSED] - Text 'test1@gmail.com' is set on object 'Object Repository/Participants_Page_OR/Create Participants/Page_Healthcare Manager/input_Email_email_0'

2019-04-11 17:56:55 - [TEST_STEP][PASSED] - click(findTestObject("Participants_Page_OR/Create Participants/Page_Healthcare Manager/Page_Healthcare Manager/Page_Healthcare Manager/Page_Healthcare Manager/Page_Healthcare Manager/div_Please Select")): Object: 'Object Repository/Participants_Page_OR/Create Participants/Page_Healthcare Manager/Page_Healthcare Manager/Page_Healthcare Manager/Page_Healthcare Manager/Page_Healthcare Manager/div_Please Select' is clicked on

2019-04-11 17:56:56 - [MESSAGE][PASSED] - Object: 'Object Repository/Participants_Page_OR/Create Participants/Page_Healthcare Manager/Page_Healthcare Manager/Page_Healthcare Manager/Page_Healthcare Manager/Page_Healthcare Manager/div_Please Select' is clicked on

2019-04-11 17:56:56 - [TEST_STEP][PASSED] - click(findTestObject("Participants_Page_OR/Create Participants/Page_Healthcare Manager/span_NSW")): Object: 'Object Repository/Participants_Page_OR/Create Participants/Page_Healthcare Manager/span_NSW' is clicked on

2019-04-11 17:56:57 - [MESSAGE][PASSED] - Object: 'Object Repository/Participants_Page_OR/Create Participants/Page_Healthcare Manager/span_NSW' is clicked on

2019-04-11 17:56:57 - [TEST_STEP][PASSED] - click(findTestObject("Object Repository/Participants_Page_OR/Create Participants/Page_Healthcare Manager/div_Suburb_Select-value")): Object: 'Object Repository/Participants_Page_OR/Create Participants/Page_Healthcare Manager/div_Suburb_Select-value' is clicked on

2019-04-11 17:56:57 - [MESSAGE][PASSED] - Object: 'Object Repository/Participants_Page_OR/Create Participants/Page_Healthcare Manager/div_Suburb_Select-value' is clicked on

2019-04-11 17:56:57 - [TEST_STEP][PASSED] - setText(findTestObject("Object Repository/Participants_Page_OR/Create Participants/Page_Healthcare Manager/input"), "liv"): Text 'liv' is set on object 'Object Repository/Participants_Page_OR/Create Participants/Page_Healthcare Manager/input'

2019-04-11 17:56:57 - [MESSAGE][PASSED] - Text 'liv' is set on object 'Object Repository/Participants_Page_OR/Create Participants/Page_Healthcare Manager/input'

2019-04-11 17:56:57 - [TEST_STEP][PASSED] - click(findTestObject("Participants_Page_OR/dashBoard/Page_Healthcare Manager/Page_Healthcare Manager/Page_Healthcare Manager/div_Liverpool")): Object: 'Object Repository/Participants_Page_OR/dashBoard/Page_Healthcare Manager/Page_Healthcare Manager/Page_Healthcare Manager/div_Liverpool' is clicked on

2019-04-11 17:56:59 - [MESSAGE][PASSED] - Object: 'Object Repository/Participants_Page_OR/dashBoard/Page_Healthcare Manager/Page_Healthcare Manager/Page_Healthcare Manager/div_Liverpool' is clicked on

2019-04-11 17:56:59 - [TEST_STEP][PASSED] - click(findTestObject("Participants_Page_OR/Create Participants/Page_Healthcare Manager/a_Save and Continue")): Object: 'Object Repository/Participants_Page_OR/Create Participants/Page_Healthcare Manager/a_Save and Continue' is clicked on

2019-04-11 17:57:00 - [MESSAGE][PASSED] - Object: 'Object Repository/Participants_Page_OR/Create Participants/Page_Healthcare Manager/a_Save and Continue' is clicked on

2019-04-11 17:57:00 - [MESSAGE][PASSED] - Call Test Case 'Test Cases/OCS_Page/Participants_page/participants_CrreateNewParticippants_Page' successfully

2019-04-11 17:57:00 - [TEST_STEP][PASSED] - setText(findTestObject("Page_Healthcare Manager/textarea_Formal Diagnosis (Primary)_formaldiagnosisprimary"), "requred for  care"): Text 'requred for  care' is set on object 'Object Repository/Page_Healthcare Manager/textarea_Formal Diagnosis (Primary)_formaldiagnosisprimary'

2019-04-11 17:57:00 - [MESSAGE][PASSED] - Text 'requred for  care' is set on object 'Object Repository/Page_Healthcare Manager/textarea_Formal Diagnosis (Primary)_formaldiagnosisprimary'

2019-04-11 17:57:00 - [TEST_STEP][PASSED] - setText(findTestObject("Page_Healthcare Manager/textarea_Other Information About Participant Care_participantcareinfo"), "sddsgkjhkljkj;; "): Text 'sddsgkjhkljkj;; ' is set on object 'Object Repository/Page_Healthcare Manager/textarea_Other Information About Participant Care_participantcareinfo'

2019-04-11 17:57:00 - [MESSAGE][PASSED] - Text 'sddsgkjhkljkj;; ' is set on object 'Object Repository/Page_Healthcare Manager/textarea_Other Information About Participant Care_participantcareinfo'

2019-04-11 17:57:00 - [TEST_STEP][PASSED] - click(findTestObject("Page_Healthcare Manager/div_Please Select"), STOP_ON_FAILURE): Object: 'Object Repository/Page_Healthcare Manager/div_Please Select' is clicked on

2019-04-11 17:57:00 - [MESSAGE][PASSED] - Object: 'Object Repository/Page_Healthcare Manager/div_Please Select' is clicked on

2019-04-11 17:57:00 - [TEST_STEP][PASSED] - click(findTestObject("Page_Healthcare Manager/div_Good")): Object: 'Object Repository/Page_Healthcare Manager/div_Good' is clicked on

2019-04-11 17:57:01 - [MESSAGE][PASSED] - Object: 'Object Repository/Page_Healthcare Manager/div_Good' is clicked on

2019-04-11 17:57:01 - [TEST_STEP][PASSED] - click(findTestObject("Login_Page_OB/Page_Healthcare Manager/Page_Healthcare Manager/div_Please Selectcommunication")): Object: 'Object Repository/Login_Page_OB/Page_Healthcare Manager/Page_Healthcare Manager/div_Please Selectcommunication' is clicked on

2019-04-11 17:57:01 - [MESSAGE][PASSED] - Object: 'Object Repository/Login_Page_OB/Page_Healthcare Manager/Page_Healthcare Manager/div_Please Selectcommunication' is clicked on

2019-04-11 17:57:01 - [TEST_STEP][PASSED] - click(findTestObject("Login_Page_OB/Page_Healthcare Manager/Page_Healthcare Manager/div_Non-Verbal")): Object: 'Object Repository/Login_Page_OB/Page_Healthcare Manager/Page_Healthcare Manager/div_Non-Verbal' is clicked on

2019-04-11 17:57:02 - [MESSAGE][PASSED] - Object: 'Object Repository/Login_Page_OB/Page_Healthcare Manager/Page_Healthcare Manager/div_Non-Verbal' is clicked on

2019-04-11 17:57:02 - [TEST_STEP][PASSED] - click(findTestObject("Login_Page_OB/Page_Healthcare Manager/Page_Healthcare Manager/div_Please Selectenglish")): Object: 'Object Repository/Login_Page_OB/Page_Healthcare Manager/Page_Healthcare Manager/div_Please Selectenglish' is clicked on

2019-04-11 17:57:02 - [MESSAGE][PASSED] - Object: 'Object Repository/Login_Page_OB/Page_Healthcare Manager/Page_Healthcare Manager/div_Please Selectenglish' is clicked on

2019-04-11 17:57:02 - [TEST_STEP][PASSED] - click(findTestObject("Participants_Page_OR/Create Participants/Page_Healthcare Manager/div_Yes but not preferred")): Object: 'Object Repository/Participants_Page_OR/Create Participants/Page_Healthcare Manager/div_Yes but not preferred' is clicked on

2019-04-11 17:57:03 - [MESSAGE][PASSED] - Object: 'Object Repository/Participants_Page_OR/Create Participants/Page_Healthcare Manager/div_Yes but not preferred' is clicked on

2019-04-11 17:57:03 - [TEST_STEP][PASSED] - click(findTestObject("Participants_Page_OR/Create Participants/Page_Healthcare Manager/div_Please Select (3)")): Object: 'Object Repository/Participants_Page_OR/Create Participants/Page_Healthcare Manager/div_Please Select (3)' is clicked on

2019-04-11 17:57:03 - [MESSAGE][PASSED] - Object: 'Object Repository/Participants_Page_OR/Create Participants/Page_Healthcare Manager/div_Please Select (3)' is clicked on

2019-04-11 17:57:03 - [TEST_STEP][PASSED] - click(findTestObject("Participants_Page_OR/Create Participants/Page_Healthcare Manager/div_English")): Object: 'Object Repository/Participants_Page_OR/Create Participants/Page_Healthcare Manager/div_English' is clicked on

2019-04-11 17:57:04 - [MESSAGE][PASSED] - Object: 'Object Repository/Participants_Page_OR/Create Participants/Page_Healthcare Manager/div_English' is clicked on

2019-04-11 17:57:04 - [TEST_STEP][PASSED] - click(findTestObject("Login_Page_OB/Page_Healthcare Manager/Page_Healthcare Manager/div_Please Selectgender")): Object: 'Object Repository/Login_Page_OB/Page_Healthcare Manager/Page_Healthcare Manager/div_Please Selectgender' is clicked on

2019-04-11 17:57:05 - [MESSAGE][PASSED] - Object: 'Object Repository/Login_Page_OB/Page_Healthcare Manager/Page_Healthcare Manager/div_Please Selectgender' is clicked on

2019-04-11 17:57:05 - [TEST_STEP][PASSED] - click(findTestObject("Login_Page_OB/Page_Healthcare Manager/Page_Healthcare Manager/Page_Healthcare Manager/div_Female")): Object: 'Object Repository/Login_Page_OB/Page_Healthcare Manager/Page_Healthcare Manager/Page_Healthcare Manager/div_Female' is clicked on

2019-04-11 17:57:06 - [MESSAGE][PASSED] - Object: 'Object Repository/Login_Page_OB/Page_Healthcare Manager/Page_Healthcare Manager/Page_Healthcare Manager/div_Female' is clicked on

2019-04-11 17:57:06 - [TEST_STEP][PASSED] - click(findTestObject("Login_Page_OB/Page_Healthcare Manager/Page_Healthcare Manager/div_Please Selectethnicity")): Object: 'Object Repository/Login_Page_OB/Page_Healthcare Manager/Page_Healthcare Manager/div_Please Selectethnicity' is clicked on

2019-04-11 17:57:06 - [MESSAGE][PASSED] - Object: 'Object Repository/Login_Page_OB/Page_Healthcare Manager/Page_Healthcare Manager/div_Please Selectethnicity' is clicked on

2019-04-11 17:57:06 - [TEST_STEP][PASSED] - click(findTestObject("Participants_Page_OR/Create Participants/Page_Healthcare Manager/div_Asian")): Object: 'Object Repository/Participants_Page_OR/Create Participants/Page_Healthcare Manager/div_Asian' is clicked on

2019-04-11 17:57:07 - [MESSAGE][PASSED] - Object: 'Object Repository/Participants_Page_OR/Create Participants/Page_Healthcare Manager/div_Asian' is clicked on

2019-04-11 17:57:07 - [TEST_STEP][PASSED] - click(findTestObject("Login_Page_OB/Page_Healthcare Manager/Page_Healthcare Manager/div_Please Selectreligion")): Object: 'Object Repository/Login_Page_OB/Page_Healthcare Manager/Page_Healthcare Manager/div_Please Selectreligion' is clicked on

2019-04-11 17:57:08 - [MESSAGE][PASSED] - Object: 'Object Repository/Login_Page_OB/Page_Healthcare Manager/Page_Healthcare Manager/div_Please Selectreligion' is clicked on

2019-04-11 17:57:08 - [TEST_STEP][PASSED] - click(findTestObject("Participants_Page_OR/Create Participants/Page_Healthcare Manager/div_Buddhist")): Object: 'Object Repository/Participants_Page_OR/Create Participants/Page_Healthcare Manager/div_Buddhist' is clicked on

2019-04-11 17:57:09 - [MESSAGE][PASSED] - Object: 'Object Repository/Participants_Page_OR/Create Participants/Page_Healthcare Manager/div_Buddhist' is clicked on

2019-04-11 17:57:09 - [TEST_STEP][PASSED] - click(findTestObject("Login_Page_OB/Page_Healthcare Manager/Page_Healthcare Manager/Page_Healthcare Manager/span"), STOP_ON_FAILURE): Object: 'Object Repository/Login_Page_OB/Page_Healthcare Manager/Page_Healthcare Manager/Page_Healthcare Manager/span' is clicked on

2019-04-11 17:57:09 - [MESSAGE][PASSED] - Object: 'Object Repository/Login_Page_OB/Page_Healthcare Manager/Page_Healthcare Manager/Page_Healthcare Manager/span' is clicked on

2019-04-11 17:57:09 - [TEST_STEP][PASSED] - click(findTestObject("Page_Healthcare Manager/span_in home"), STOP_ON_FAILURE): Object: 'Object Repository/Page_Healthcare Manager/span_in home' is clicked on

2019-04-11 17:57:09 - [MESSAGE][PASSED] - Object: 'Object Repository/Page_Healthcare Manager/span_in home' is clicked on

2019-04-11 17:57:09 - [TEST_STEP][PASSED] - click(findTestObject("Page_Healthcare Manager/span_dementia"), STOP_ON_FAILURE): Object: 'Object Repository/Page_Healthcare Manager/span_dementia' is clicked on

2019-04-11 17:57:09 - [MESSAGE][PASSED] - Object: 'Object Repository/Page_Healthcare Manager/span_dementia' is clicked on

2019-04-11 17:57:09 - [TEST_STEP][PASSED] - click(findTestObject("Page_Healthcare Manager/span_shower"), STOP_ON_FAILURE): Object: 'Object Repository/Page_Healthcare Manager/span_shower' is clicked on

2019-04-11 17:57:10 - [MESSAGE][PASSED] - Object: 'Object Repository/Page_Healthcare Manager/span_shower' is clicked on

2019-04-11 17:57:10 - [TEST_STEP][PASSED] - click(findTestObject("Login_Page_OB/Page_Healthcare Manager/button_Save New Participant")): Object: 'Object Repository/Login_Page_OB/Page_Healthcare Manager/button_Save New Participant' is clicked on

2019-04-11 17:57:10 - [MESSAGE][PASSED] - Object: 'Object Repository/Login_Page_OB/Page_Healthcare Manager/button_Save New Participant' is clicked on

2019-04-11 17:57:10 - [MESSAGE][PASSED] - Call Test Case 'Test Cases/OCS_Page/Participants_page/Care_CreateParticipantsPage' successfully]]></system-out>
         <system-err><![CDATA[]]></system-err>
      </testcase>
      <testcase name="Test Cases/OCS_Page_Test/Participants_Test/DashBoard_Validate" classname="Test Cases/OCS_Page_Test/Participants_Test/DashBoard_Validate" status="PASSED">
         <system-out><![CDATA[2019-04-11 17:57:10 - [TEST_CASE][PASSED] - Test Cases/OCS_Page_Test/Participants_Test/DashBoard_Validate: Test Cases/OCS_Page_Test/Participants_Test/DashBoard_Validate

2019-04-11 17:57:10 - [TEST_STEP][PASSED] - callTestCase(findTestCase("SetUpp/SetUp"), [:], STOP_ON_FAILURE): Call Test Case 'Test Cases/SetUpp/SetUp' successfully

2019-04-11 17:57:10 - [TEST_CASE][PASSED] - Test Cases/SetUpp/SetUp: Test Cases/SetUpp/SetUp

2019-04-11 17:57:10 - [TEST_STEP][PASSED] - openBrowser(""): Browser is opened with url: ''

2019-04-11 17:57:10 - [MESSAGE][WARNING] - A browser is already opened. Closing browser and opening a new one

2019-04-11 17:57:10 - [MESSAGE][INFO] - Starting 'Firefox' driver

2019-04-11 17:57:13 - [MESSAGE][PASSED] - Browser is opened with url: ''

2019-04-11 17:57:13 - [TEST_STEP][PASSED] - navigateToUrl("https://ydtwebstaging.com"): Navigate to 'https://ydtwebstaging.com' successfully

2019-04-11 17:57:21 - [MESSAGE][PASSED] - Navigate to 'https://ydtwebstaging.com' successfully

2019-04-11 17:57:21 - [TEST_STEP][PASSED] - maximizeWindow(): Current window maximized

2019-04-11 17:57:21 - [MESSAGE][PASSED] - Current window maximized

2019-04-11 17:57:21 - [TEST_STEP][PASSED] - deleteAllCookies(): Delete all cookies successfully

2019-04-11 17:57:21 - [MESSAGE][PASSED] - Delete all cookies successfully

2019-04-11 17:57:21 - [TEST_STEP][PASSED] - getWindowTitle(): Current window's title is: 'Healthcare Manager'

2019-04-11 17:57:21 - [MESSAGE][PASSED] - Current window's title is: 'Healthcare Manager'

2019-04-11 17:57:21 - [TEST_STEP][PASSED] - waitForPageLoad(30): Wait for page load successfully

2019-04-11 17:57:21 - [MESSAGE][PASSED] - Wait for page load successfully

2019-04-11 17:57:21 - [MESSAGE][PASSED] - Call Test Case 'Test Cases/SetUpp/SetUp' successfully

2019-04-11 17:57:21 - [TEST_STEP][PASSED] - callTestCase(findTestCase("OCS_Page/Login_Page/LoginPage_Positive_validate"), [:], STOP_ON_FAILURE): Call Test Case 'Test Cases/OCS_Page/Login_Page/LoginPage_Positive_validate' successfully

2019-04-11 17:57:21 - [TEST_CASE][PASSED] - Test Cases/OCS_Page/Login_Page/LoginPage_Positive_validate: Test Cases/OCS_Page/Login_Page/LoginPage_Positive_validate

2019-04-11 17:57:21 - [TEST_STEP][PASSED] - setText(findTestObject("Login_Page_OB/Page_Healthcare Manager/input_Login here_username"), "Archana@123"): Text 'Archana@123' is set on object 'Object Repository/Login_Page_OB/Page_Healthcare Manager/input_Login here_username'

2019-04-11 17:57:21 - [MESSAGE][PASSED] - Text 'Archana@123' is set on object 'Object Repository/Login_Page_OB/Page_Healthcare Manager/input_Login here_username'

2019-04-11 17:57:21 - [TEST_STEP][PASSED] - setText(findTestObject("Login_Page_OB/Page_Healthcare Manager/input_Login here_password"), "Archana@123"): Text 'Archana@123' is set on object 'Object Repository/Login_Page_OB/Page_Healthcare Manager/input_Login here_password'

2019-04-11 17:57:21 - [MESSAGE][PASSED] - Text 'Archana@123' is set on object 'Object Repository/Login_Page_OB/Page_Healthcare Manager/input_Login here_password'

2019-04-11 17:57:21 - [TEST_STEP][PASSED] - click(findTestObject("Login_Page_OB/Page_Healthcare Manager/button_Submit")): Object: 'Object Repository/Login_Page_OB/Page_Healthcare Manager/button_Submit' is clicked on

2019-04-11 17:57:21 - [MESSAGE][PASSED] - Object: 'Object Repository/Login_Page_OB/Page_Healthcare Manager/button_Submit' is clicked on

2019-04-11 17:57:21 - [TEST_STEP][NOT_RUN] - verifyElementVisible(findTestObject("Login_Page_OB/Page_Healthcare Manager/div_Login successfully")): NOT_RUN: verifyElementVisible(findTestObject("Login_Page_OB/Page_Healthcare Manager/div_Login successfully"))

2019-04-11 17:57:21 - [MESSAGE][NOT_RUN] - NOT_RUN: verifyElementVisible(findTestObject("Login_Page_OB/Page_Healthcare Manager/div_Login successfully"))

2019-04-11 17:57:21 - [MESSAGE][PASSED] - Call Test Case 'Test Cases/OCS_Page/Login_Page/LoginPage_Positive_validate' successfully

2019-04-11 17:57:21 - [TEST_STEP][PASSED] - callTestCase(findTestCase("OCS_Page/Participants_page/Participants_DashBoard_page"), [:], STOP_ON_FAILURE): Call Test Case 'Test Cases/OCS_Page/Participants_page/Participants_DashBoard_page' successfully

2019-04-11 17:57:21 - [TEST_CASE][PASSED] - Test Cases/OCS_Page/Participants_page/Participants_DashBoard_page: Test Cases/OCS_Page/Participants_page/Participants_DashBoard_page

2019-04-11 17:57:21 - [TEST_STEP][PASSED] - click(findTestObject("Home_Page_OR/Page_Healthcare Manager/p_Participants")): Object: 'Object Repository/Home_Page_OR/Page_Healthcare Manager/p_Participants' is clicked on

2019-04-11 17:57:24 - [MESSAGE][PASSED] - Object: 'Object Repository/Home_Page_OR/Page_Healthcare Manager/p_Participants' is clicked on

2019-04-11 17:57:24 - [TEST_STEP][PASSED] - verifyElementPresent(findTestObject("Participants_Page_OR/dashBoard/Page_Healthcare Manager/h1_Participants"), 10): Object 'Object Repository/Participants_Page_OR/dashBoard/Page_Healthcare Manager/h1_Participants' is present

2019-04-11 17:57:26 - [MESSAGE][PASSED] - Object 'Object Repository/Participants_Page_OR/dashBoard/Page_Healthcare Manager/h1_Participants' is present

2019-04-11 17:57:26 - [TEST_STEP][PASSED] - verifyElementPresent(findTestObject("Participants_Page_OR/dashBoard/Page_Healthcare Manager/canvas_New Participant Graph_chartjs-render-monitor"), 10): Object 'Object Repository/Participants_Page_OR/dashBoard/Page_Healthcare Manager/canvas_New Participant Graph_chartjs-render-monitor' is present

2019-04-11 17:57:26 - [MESSAGE][PASSED] - Object 'Object Repository/Participants_Page_OR/dashBoard/Page_Healthcare Manager/canvas_New Participant Graph_chartjs-render-monitor' is present

2019-04-11 17:57:26 - [TEST_STEP][PASSED] - click(findTestObject("Participants_Page_OR/dashBoard/Page_Healthcare Manager/span_Week")): Object: 'Object Repository/Participants_Page_OR/dashBoard/Page_Healthcare Manager/span_Week' is clicked on

2019-04-11 17:57:26 - [MESSAGE][PASSED] - Object: 'Object Repository/Participants_Page_OR/dashBoard/Page_Healthcare Manager/span_Week' is clicked on

2019-04-11 17:57:26 - [TEST_STEP][PASSED] - sendKeys(findTestObject("Participants_Page_OR/dashBoard/Page_Healthcare Manager/input_Year_search"), "archana archana"): Keys 'archana archana' sent to object: 'Object Repository/Participants_Page_OR/dashBoard/Page_Healthcare Manager/input_Year_search'

2019-04-11 17:57:27 - [MESSAGE][PASSED] - Keys 'archana archana' sent to object: 'Object Repository/Participants_Page_OR/dashBoard/Page_Healthcare Manager/input_Year_search'

2019-04-11 17:57:27 - [TEST_STEP][PASSED] - waitForElementClickable(findTestObject("Participants_Page_OR/dashBoard/Page_Healthcare Manager/span_Year_icon icon-search"), 10): Object 'Object Repository/Participants_Page_OR/dashBoard/Page_Healthcare Manager/span_Year_icon icon-search' is clickable

2019-04-11 17:57:27 - [MESSAGE][PASSED] - Object 'Object Repository/Participants_Page_OR/dashBoard/Page_Healthcare Manager/span_Year_icon icon-search' is clickable

2019-04-11 17:57:27 - [TEST_STEP][PASSED] - click(findTestObject("Participants_Page_OR/dashBoard/Page_Healthcare Manager/small_Include Inactive")): Object: 'Object Repository/Participants_Page_OR/dashBoard/Page_Healthcare Manager/small_Include Inactive' is clicked on

2019-04-11 17:57:27 - [MESSAGE][PASSED] - Object: 'Object Repository/Participants_Page_OR/dashBoard/Page_Healthcare Manager/small_Include Inactive' is clicked on

2019-04-11 17:57:27 - [MESSAGE][PASSED] - Call Test Case 'Test Cases/OCS_Page/Participants_page/Participants_DashBoard_page' successfully

2019-04-11 17:57:27 - [TEST_STEP][PASSED] - callTestCase(findTestCase("TearDown/Broweser _close"), [:], STOP_ON_FAILURE): Call Test Case 'Test Cases/TearDown/Broweser _close' successfully

2019-04-11 17:57:27 - [TEST_CASE][PASSED] - Test Cases/TearDown/Broweser _close: Test Cases/TearDown/Broweser _close

2019-04-11 17:57:27 - [TEST_STEP][PASSED] - closeBrowser(): Browser is closed

2019-04-11 17:57:27 - [MESSAGE][PASSED] - Browser is closed

2019-04-11 17:57:27 - [MESSAGE][PASSED] - Call Test Case 'Test Cases/TearDown/Broweser _close' successfully]]></system-out>
         <system-err><![CDATA[]]></system-err>
      </testcase>
      <testcase name="Test Cases/OCS_Page_Test/Participants_Test/ParticipantsProfile_validate" classname="Test Cases/OCS_Page_Test/Participants_Test/ParticipantsProfile_validate" status="PASSED">
         <system-out><![CDATA[2019-04-11 17:57:28 - [TEST_CASE][PASSED] - Test Cases/OCS_Page_Test/Participants_Test/ParticipantsProfile_validate: Test Cases/OCS_Page_Test/Participants_Test/ParticipantsProfile_validate

2019-04-11 17:57:28 - [TEST_STEP][PASSED] - callTestCase(findTestCase("OCS_Page/Participants_page/Participants_Ptrofile/ParticipantsProfile_About_Validate"), [:], STOP_ON_FAILURE): Call Test Case 'Test Cases/OCS_Page/Participants_page/Participants_Ptrofile/ParticipantsProfile_About_Validate' successfully

2019-04-11 17:57:28 - [TEST_CASE][PASSED] - Test Cases/OCS_Page/Participants_page/Participants_Ptrofile/ParticipantsProfile_About_Validate: Test Cases/OCS_Page/Participants_page/Participants_Ptrofile/ParticipantsProfile_About_Validate

2019-04-11 17:57:28 - [TEST_STEP][PASSED] - callTestCase(findTestCase("SetUpp/SetUp"), [:], STOP_ON_FAILURE): Call Test Case 'Test Cases/SetUpp/SetUp' successfully

2019-04-11 17:57:28 - [TEST_CASE][PASSED] - Test Cases/SetUpp/SetUp: Test Cases/SetUpp/SetUp

2019-04-11 17:57:28 - [TEST_STEP][PASSED] - openBrowser(""): Browser is opened with url: ''

2019-04-11 17:57:28 - [MESSAGE][INFO] - Starting 'Firefox' driver

2019-04-11 17:57:30 - [MESSAGE][PASSED] - Browser is opened with url: ''

2019-04-11 17:57:30 - [TEST_STEP][PASSED] - navigateToUrl("https://ydtwebstaging.com"): Navigate to 'https://ydtwebstaging.com' successfully

2019-04-11 17:57:38 - [MESSAGE][PASSED] - Navigate to 'https://ydtwebstaging.com' successfully

2019-04-11 17:57:38 - [TEST_STEP][PASSED] - maximizeWindow(): Current window maximized

2019-04-11 17:57:38 - [MESSAGE][PASSED] - Current window maximized

2019-04-11 17:57:38 - [TEST_STEP][PASSED] - deleteAllCookies(): Delete all cookies successfully

2019-04-11 17:57:38 - [MESSAGE][PASSED] - Delete all cookies successfully

2019-04-11 17:57:38 - [TEST_STEP][PASSED] - getWindowTitle(): Current window's title is: 'Healthcare Manager'

2019-04-11 17:57:38 - [MESSAGE][PASSED] - Current window's title is: 'Healthcare Manager'

2019-04-11 17:57:38 - [TEST_STEP][PASSED] - waitForPageLoad(30): Wait for page load successfully

2019-04-11 17:57:38 - [MESSAGE][PASSED] - Wait for page load successfully

2019-04-11 17:57:38 - [MESSAGE][PASSED] - Call Test Case 'Test Cases/SetUpp/SetUp' successfully

2019-04-11 17:57:38 - [TEST_STEP][PASSED] - setText(findTestObject("Login_Page_OB/Page_Healthcare Manager/input_Login here_username"), "archana321"): Text 'archana321' is set on object 'Object Repository/Login_Page_OB/Page_Healthcare Manager/input_Login here_username'

2019-04-11 17:57:38 - [MESSAGE][PASSED] - Text 'archana321' is set on object 'Object Repository/Login_Page_OB/Page_Healthcare Manager/input_Login here_username'

2019-04-11 17:57:38 - [TEST_STEP][PASSED] - setText(findTestObject("Login_Page_OB/Page_Healthcare Manager/input_Login here_password"), "Archana321@"): Text 'Archana321@' is set on object 'Object Repository/Login_Page_OB/Page_Healthcare Manager/input_Login here_password'

2019-04-11 17:57:38 - [MESSAGE][PASSED] - Text 'Archana321@' is set on object 'Object Repository/Login_Page_OB/Page_Healthcare Manager/input_Login here_password'

2019-04-11 17:57:38 - [TEST_STEP][PASSED] - click(findTestObject("Login_Page_OB/Page_Healthcare Manager/button_Submit")): Object: 'Object Repository/Login_Page_OB/Page_Healthcare Manager/button_Submit' is clicked on

2019-04-11 17:57:38 - [MESSAGE][PASSED] - Object: 'Object Repository/Login_Page_OB/Page_Healthcare Manager/button_Submit' is clicked on

2019-04-11 17:57:38 - [TEST_STEP][PASSED] - click(findTestObject("Home_Page_OR/Page_Healthcare Manager/p_Participants")): Object: 'Object Repository/Home_Page_OR/Page_Healthcare Manager/p_Participants' is clicked on

2019-04-11 17:57:40 - [MESSAGE][PASSED] - Object: 'Object Repository/Home_Page_OR/Page_Healthcare Manager/p_Participants' is clicked on

2019-04-11 17:57:40 - [TEST_STEP][PASSED] - verifyElementPresent(findTestObject("Participants_Page_OR/dashBoard/Page_Healthcare Manager/h1_Participants"), 10): Object 'Object Repository/Participants_Page_OR/dashBoard/Page_Healthcare Manager/h1_Participants' is present

2019-04-11 17:57:42 - [MESSAGE][PASSED] - Object 'Object Repository/Participants_Page_OR/dashBoard/Page_Healthcare Manager/h1_Participants' is present

2019-04-11 17:57:42 - [TEST_STEP][PASSED] - verifyElementPresent(findTestObject("Participants_Page_OR/dashBoard/Page_Healthcare Manager/canvas_New Participant Graph_chartjs-render-monitor"), 10): Object 'Object Repository/Participants_Page_OR/dashBoard/Page_Healthcare Manager/canvas_New Participant Graph_chartjs-render-monitor' is present

2019-04-11 17:57:42 - [MESSAGE][PASSED] - Object 'Object Repository/Participants_Page_OR/dashBoard/Page_Healthcare Manager/canvas_New Participant Graph_chartjs-render-monitor' is present

2019-04-11 17:57:42 - [TEST_STEP][PASSED] - click(findTestObject("Participants_Page_OR/dashBoard/Page_Healthcare Manager/span_Week")): Object: 'Object Repository/Participants_Page_OR/dashBoard/Page_Healthcare Manager/span_Week' is clicked on

2019-04-11 17:57:43 - [MESSAGE][PASSED] - Object: 'Object Repository/Participants_Page_OR/dashBoard/Page_Healthcare Manager/span_Week' is clicked on

2019-04-11 17:57:43 - [TEST_STEP][PASSED] - if (true): null

2019-04-11 17:57:43 - [TEST_STEP][PASSED] - sendKeys(findTestObject("Participants_Page_OR/dashBoard/Page_Healthcare Manager/input_Year_search"), "archana archana"): Keys 'archana archana' sent to object: 'Object Repository/Participants_Page_OR/dashBoard/Page_Healthcare Manager/input_Year_search'

2019-04-11 17:57:43 - [MESSAGE][PASSED] - Keys 'archana archana' sent to object: 'Object Repository/Participants_Page_OR/dashBoard/Page_Healthcare Manager/input_Year_search'

2019-04-11 17:57:43 - [TEST_STEP][PASSED] - waitForElementClickable(findTestObject("Participants_Page_OR/dashBoard/Page_Healthcare Manager/span_Year_icon icon-search"), 10): Object 'Object Repository/Participants_Page_OR/dashBoard/Page_Healthcare Manager/span_Year_icon icon-search' is clickable

2019-04-11 17:57:43 - [MESSAGE][PASSED] - Object 'Object Repository/Participants_Page_OR/dashBoard/Page_Healthcare Manager/span_Year_icon icon-search' is clickable

2019-04-11 17:57:43 - [TEST_STEP][PASSED] - click(findTestObject("Participants_Page_OR/dashBoard/Page_Healthcare Manager/small_Include Inactive")): Object: 'Object Repository/Participants_Page_OR/dashBoard/Page_Healthcare Manager/small_Include Inactive' is clicked on

2019-04-11 17:57:43 - [MESSAGE][PASSED] - Object: 'Object Repository/Participants_Page_OR/dashBoard/Page_Healthcare Manager/small_Include Inactive' is clicked on

2019-04-11 17:57:43 - [TEST_STEP][PASSED] - click(findTestObject("Participants_Profile/Page_Healthcare Manager/i_Female_icon icon-views - Copy")): Object: 'Object Repository/Participants_Profile/Page_Healthcare Manager/i_Female_icon icon-views - Copy' is clicked on

2019-04-11 17:57:44 - [MESSAGE][PASSED] - Object: 'Object Repository/Participants_Profile/Page_Healthcare Manager/i_Female_icon icon-views - Copy' is clicked on

2019-04-11 17:57:44 - [TEST_STEP][PASSED] - verifyElementVisible(findTestObject("Participants_Profile/Page_Healthcare Manager/portal access")): Object 'Object Repository/Participants_Profile/Page_Healthcare Manager/portal access' is visible

2019-04-11 17:57:44 - [MESSAGE][PASSED] - Object 'Object Repository/Participants_Profile/Page_Healthcare Manager/portal access' is visible

2019-04-11 17:57:44 - [TEST_STEP][PASSED] - getText(findTestObject("Participants_Profile/Page_Healthcare Manager/profile name")): Text of object 'Object Repository/Participants_Profile/Page_Healthcare Manager/profile name' is: 'dsfghg g Archana'

2019-04-11 17:57:44 - [MESSAGE][PASSED] - Text of object 'Object Repository/Participants_Profile/Page_Healthcare Manager/profile name' is: 'dsfghg g Archana'

2019-04-11 17:57:44 - [TEST_STEP][PASSED] - click(findTestObject("Participants_Profile/Page_Healthcare Manager/Contact History")): Object: 'Object Repository/Participants_Profile/Page_Healthcare Manager/Contact History' is clicked on

2019-04-11 17:57:45 - [MESSAGE][PASSED] - Object: 'Object Repository/Participants_Profile/Page_Healthcare Manager/Contact History' is clicked on

2019-04-11 17:57:45 - [TEST_STEP][PASSED] - verifyElementText(findTestObject("Participants_Profile/Page_Healthcare Manager/Contact History Log"), "Contact History Log:"): Actual text and expected text of test object 'Object Repository/Participants_Profile/Page_Healthcare Manager/Contact History Log' are matched.

2019-04-11 17:57:45 - [MESSAGE][PASSED] - Actual text and expected text of test object 'Object Repository/Participants_Profile/Page_Healthcare Manager/Contact History Log' are matched.

2019-04-11 17:57:45 - [TEST_STEP][PASSED] - click(findTestObject("Participants_Profile/Page_Healthcare Manager/Contact History Log_icon cross")): Object: 'Object Repository/Participants_Profile/Page_Healthcare Manager/Contact History Log_icon cross' is clicked on

2019-04-11 17:57:45 - [MESSAGE][PASSED] - Object: 'Object Repository/Participants_Profile/Page_Healthcare Manager/Contact History Log_icon cross' is clicked on

2019-04-11 17:57:45 - [TEST_STEP][PASSED] - click(findTestObject("Participants_Profile/Page_Healthcare Manager/a_Update About archana")): Object: 'Object Repository/Participants_Profile/Page_Healthcare Manager/a_Update About archana' is clicked on

2019-04-11 17:57:45 - [MESSAGE][PASSED] - Object: 'Object Repository/Participants_Profile/Page_Healthcare Manager/a_Update About archana' is clicked on

2019-04-11 17:57:45 - [TEST_STEP][PASSED] - setText(findTestObject("Participants_Profile/Page_Healthcare Manager/lastname"), "Archana"): Text 'Archana' is set on object 'Object Repository/Participants_Profile/Page_Healthcare Manager/lastname'

2019-04-11 17:57:45 - [MESSAGE][PASSED] - Text 'Archana' is set on object 'Object Repository/Participants_Profile/Page_Healthcare Manager/lastname'

2019-04-11 17:57:45 - [TEST_STEP][PASSED] - click(findTestObject("Participants_Profile/Page_Healthcare Manager/Page_Healthcare Manager/button_Update")): Object: 'Object Repository/Participants_Profile/Page_Healthcare Manager/Page_Healthcare Manager/button_Update' is clicked on

2019-04-11 17:57:46 - [MESSAGE][PASSED] - Object: 'Object Repository/Participants_Profile/Page_Healthcare Manager/Page_Healthcare Manager/button_Update' is clicked on

2019-04-11 17:57:46 - [TEST_STEP][PASSED] - verifyElementVisible(findTestObject("Participants_Profile/Page_Healthcare Manager/Page_Healthcare Manager/Page_Healthcare Manager/div_Participant update successfully")): Object 'Object Repository/Participants_Profile/Page_Healthcare Manager/Page_Healthcare Manager/Page_Healthcare Manager/div_Participant update successfully' is visible

2019-04-11 17:57:47 - [MESSAGE][PASSED] - Object 'Object Repository/Participants_Profile/Page_Healthcare Manager/Page_Healthcare Manager/Page_Healthcare Manager/div_Participant update successfully' is visible

2019-04-11 17:57:47 - [MESSAGE][PASSED] - Call Test Case 'Test Cases/OCS_Page/Participants_page/Participants_Ptrofile/ParticipantsProfile_About_Validate' successfully

2019-04-11 17:57:47 - [TEST_STEP][PASSED] - callTestCase(findTestCase("OCS_Page/Participants_page/Participants_Ptrofile/ParticipantsProfile_BookerList"), [:], STOP_ON_FAILURE): Call Test Case 'Test Cases/OCS_Page/Participants_page/Participants_Ptrofile/ParticipantsProfile_BookerList' successfully

2019-04-11 17:57:47 - [TEST_CASE][PASSED] - Test Cases/OCS_Page/Participants_page/Participants_Ptrofile/ParticipantsProfile_BookerList: Test Cases/OCS_Page/Participants_page/Participants_Ptrofile/ParticipantsProfile_BookerList

2019-04-11 17:57:47 - [TEST_STEP][PASSED] - callTestCase(findTestCase("SetUpp/SetUp"), [:], STOP_ON_FAILURE): Call Test Case 'Test Cases/SetUpp/SetUp' successfully

2019-04-11 17:57:47 - [TEST_CASE][PASSED] - Test Cases/SetUpp/SetUp: Test Cases/SetUpp/SetUp

2019-04-11 17:57:47 - [TEST_STEP][PASSED] - openBrowser(""): Browser is opened with url: ''

2019-04-11 17:57:47 - [MESSAGE][WARNING] - A browser is already opened. Closing browser and opening a new one

2019-04-11 17:57:48 - [MESSAGE][INFO] - Starting 'Firefox' driver

2019-04-11 17:57:50 - [MESSAGE][PASSED] - Browser is opened with url: ''

2019-04-11 17:57:50 - [TEST_STEP][PASSED] - navigateToUrl("https://ydtwebstaging.com"): Navigate to 'https://ydtwebstaging.com' successfully

2019-04-11 17:57:58 - [MESSAGE][PASSED] - Navigate to 'https://ydtwebstaging.com' successfully

2019-04-11 17:57:58 - [TEST_STEP][PASSED] - maximizeWindow(): Current window maximized

2019-04-11 17:57:59 - [MESSAGE][PASSED] - Current window maximized

2019-04-11 17:57:59 - [TEST_STEP][PASSED] - deleteAllCookies(): Delete all cookies successfully

2019-04-11 17:57:59 - [MESSAGE][PASSED] - Delete all cookies successfully

2019-04-11 17:57:59 - [TEST_STEP][PASSED] - getWindowTitle(): Current window's title is: 'Healthcare Manager'

2019-04-11 17:57:59 - [MESSAGE][PASSED] - Current window's title is: 'Healthcare Manager'

2019-04-11 17:57:59 - [TEST_STEP][PASSED] - waitForPageLoad(30): Wait for page load successfully

2019-04-11 17:57:59 - [MESSAGE][PASSED] - Wait for page load successfully

2019-04-11 17:57:59 - [MESSAGE][PASSED] - Call Test Case 'Test Cases/SetUpp/SetUp' successfully

2019-04-11 17:57:59 - [TEST_STEP][PASSED] - setText(findTestObject("Login_Page_OB/Page_Healthcare Manager/input_Login here_username"), "archana321"): Text 'archana321' is set on object 'Object Repository/Login_Page_OB/Page_Healthcare Manager/input_Login here_username'

2019-04-11 17:57:59 - [MESSAGE][PASSED] - Text 'archana321' is set on object 'Object Repository/Login_Page_OB/Page_Healthcare Manager/input_Login here_username'

2019-04-11 17:57:59 - [TEST_STEP][PASSED] - setText(findTestObject("Login_Page_OB/Page_Healthcare Manager/input_Login here_password"), "Archana321@"): Text 'Archana321@' is set on object 'Object Repository/Login_Page_OB/Page_Healthcare Manager/input_Login here_password'

2019-04-11 17:57:59 - [MESSAGE][PASSED] - Text 'Archana321@' is set on object 'Object Repository/Login_Page_OB/Page_Healthcare Manager/input_Login here_password'

2019-04-11 17:57:59 - [TEST_STEP][PASSED] - click(findTestObject("Login_Page_OB/Page_Healthcare Manager/button_Submit")): Object: 'Object Repository/Login_Page_OB/Page_Healthcare Manager/button_Submit' is clicked on

2019-04-11 17:57:59 - [MESSAGE][PASSED] - Object: 'Object Repository/Login_Page_OB/Page_Healthcare Manager/button_Submit' is clicked on

2019-04-11 17:57:59 - [TEST_STEP][PASSED] - click(findTestObject("Home_Page_OR/Page_Healthcare Manager/p_Participants")): Object: 'Object Repository/Home_Page_OR/Page_Healthcare Manager/p_Participants' is clicked on

2019-04-11 17:58:01 - [MESSAGE][PASSED] - Object: 'Object Repository/Home_Page_OR/Page_Healthcare Manager/p_Participants' is clicked on

2019-04-11 17:58:01 - [TEST_STEP][PASSED] - verifyElementPresent(findTestObject("Participants_Page_OR/dashBoard/Page_Healthcare Manager/h1_Participants"), 10): Object 'Object Repository/Participants_Page_OR/dashBoard/Page_Healthcare Manager/h1_Participants' is present

2019-04-11 17:58:03 - [MESSAGE][PASSED] - Object 'Object Repository/Participants_Page_OR/dashBoard/Page_Healthcare Manager/h1_Participants' is present

2019-04-11 17:58:03 - [TEST_STEP][PASSED] - click(findTestObject("Participants_Profile/Page_Healthcare Manager/i_Female_icon icon-views - Copy")): Object: 'Object Repository/Participants_Profile/Page_Healthcare Manager/i_Female_icon icon-views - Copy' is clicked on

2019-04-11 17:58:04 - [MESSAGE][PASSED] - Object: 'Object Repository/Participants_Profile/Page_Healthcare Manager/i_Female_icon icon-views - Copy' is clicked on

2019-04-11 17:58:04 - [TEST_STEP][PASSED] - click(findTestObject("Participants_Profile/Page_Healthcare Manager/Page_Healthcare Manager/Page_Healthcare Manager/bookerlist/Page_Healthcare Manager/a_ Bookers List")): Object: 'Object Repository/Participants_Profile/Page_Healthcare Manager/Page_Healthcare Manager/Page_Healthcare Manager/bookerlist/Page_Healthcare Manager/a_ Bookers List' is clicked on

2019-04-11 17:58:05 - [MESSAGE][PASSED] - Object: 'Object Repository/Participants_Profile/Page_Healthcare Manager/Page_Healthcare Manager/Page_Healthcare Manager/bookerlist/Page_Healthcare Manager/a_ Bookers List' is clicked on

2019-04-11 17:58:05 - [TEST_STEP][PASSED] - click(findTestObject("Participants_Profile/Page_Healthcare Manager/Page_Healthcare Manager/Page_Healthcare Manager/bookerlist/Page_Healthcare Manager/i_booker_update_button")): Object: 'Object Repository/Participants_Profile/Page_Healthcare Manager/Page_Healthcare Manager/Page_Healthcare Manager/bookerlist/Page_Healthcare Manager/i_booker_update_button' is clicked on

2019-04-11 17:58:05 - [MESSAGE][PASSED] - Object: 'Object Repository/Participants_Profile/Page_Healthcare Manager/Page_Healthcare Manager/Page_Healthcare Manager/bookerlist/Page_Healthcare Manager/i_booker_update_button' is clicked on

2019-04-11 17:58:05 - [TEST_STEP][NOT_RUN] - click(findTestObject("Participants_Profile/Page_Healthcare Manager/Page_Healthcare Manager/Page_Healthcare Manager/bookerlist/Page_Healthcare Manager/span_drpdwnSelect-arrow")): NOT_RUN: click(findTestObject("Participants_Profile/Page_Healthcare Manager/Page_Healthcare Manager/Page_Healthcare Manager/bookerlist/Page_Healthcare Manager/span_drpdwnSelect-arrow"))

2019-04-11 17:58:05 - [MESSAGE][NOT_RUN] - NOT_RUN: click(findTestObject("Participants_Profile/Page_Healthcare Manager/Page_Healthcare Manager/Page_Healthcare Manager/bookerlist/Page_Healthcare Manager/span_drpdwnSelect-arrow"))

2019-04-11 17:58:05 - [TEST_STEP][NOT_RUN] - click(findTestObject("Participants_Profile/Page_Healthcare Manager/Page_Healthcare Manager/Page_Healthcare Manager/bookerlist/Page_Healthcare Manager/div_Mother")): NOT_RUN: click(findTestObject("Participants_Profile/Page_Healthcare Manager/Page_Healthcare Manager/Page_Healthcare Manager/bookerlist/Page_Healthcare Manager/div_Mother"))

2019-04-11 17:58:05 - [MESSAGE][NOT_RUN] - NOT_RUN: click(findTestObject("Participants_Profile/Page_Healthcare Manager/Page_Healthcare Manager/Page_Healthcare Manager/bookerlist/Page_Healthcare Manager/div_Mother"))

2019-04-11 17:58:05 - [TEST_STEP][PASSED] - click(findTestObject("Participants_Profile/Page_Healthcare Manager/Page_Healthcare Manager/Page_Healthcare Manager/bookerlist/Page_Healthcare Manager/button_Submit")): Object: 'Object Repository/Participants_Profile/Page_Healthcare Manager/Page_Healthcare Manager/Page_Healthcare Manager/bookerlist/Page_Healthcare Manager/button_Submit' is clicked on

2019-04-11 17:58:06 - [MESSAGE][PASSED] - Object: 'Object Repository/Participants_Profile/Page_Healthcare Manager/Page_Healthcare Manager/Page_Healthcare Manager/bookerlist/Page_Healthcare Manager/button_Submit' is clicked on

2019-04-11 17:58:06 - [MESSAGE][PASSED] - Call Test Case 'Test Cases/OCS_Page/Participants_page/Participants_Ptrofile/ParticipantsProfile_BookerList' successfully

2019-04-11 17:58:06 - [TEST_STEP][PASSED] - callTestCase(findTestCase("OCS_Page/Participants_page/Participants_Ptrofile/ParticipantsProfile_Requres"), [:], STOP_ON_FAILURE): Call Test Case 'Test Cases/OCS_Page/Participants_page/Participants_Ptrofile/ParticipantsProfile_Requres' successfully

2019-04-11 17:58:06 - [TEST_CASE][PASSED] - Test Cases/OCS_Page/Participants_page/Participants_Ptrofile/ParticipantsProfile_Requres: Test Cases/OCS_Page/Participants_page/Participants_Ptrofile/ParticipantsProfile_Requres

2019-04-11 17:58:06 - [TEST_STEP][PASSED] - callTestCase(findTestCase("SetUpp/SetUp"), [:], STOP_ON_FAILURE): Call Test Case 'Test Cases/SetUpp/SetUp' successfully

2019-04-11 17:58:06 - [TEST_CASE][PASSED] - Test Cases/SetUpp/SetUp: Test Cases/SetUpp/SetUp

2019-04-11 17:58:06 - [TEST_STEP][PASSED] - openBrowser(""): Browser is opened with url: ''

2019-04-11 17:58:06 - [MESSAGE][WARNING] - A browser is already opened. Closing browser and opening a new one

2019-04-11 17:58:06 - [MESSAGE][INFO] - Starting 'Firefox' driver

2019-04-11 17:58:09 - [MESSAGE][PASSED] - Browser is opened with url: ''

2019-04-11 17:58:09 - [TEST_STEP][PASSED] - navigateToUrl("https://ydtwebstaging.com"): Navigate to 'https://ydtwebstaging.com' successfully

2019-04-11 17:58:16 - [MESSAGE][PASSED] - Navigate to 'https://ydtwebstaging.com' successfully

2019-04-11 17:58:16 - [TEST_STEP][PASSED] - maximizeWindow(): Current window maximized

2019-04-11 17:58:17 - [MESSAGE][PASSED] - Current window maximized

2019-04-11 17:58:17 - [TEST_STEP][PASSED] - deleteAllCookies(): Delete all cookies successfully

2019-04-11 17:58:17 - [MESSAGE][PASSED] - Delete all cookies successfully

2019-04-11 17:58:17 - [TEST_STEP][PASSED] - getWindowTitle(): Current window's title is: 'Healthcare Manager'

2019-04-11 17:58:17 - [MESSAGE][PASSED] - Current window's title is: 'Healthcare Manager'

2019-04-11 17:58:17 - [TEST_STEP][PASSED] - waitForPageLoad(30): Wait for page load successfully

2019-04-11 17:58:17 - [MESSAGE][PASSED] - Wait for page load successfully

2019-04-11 17:58:17 - [MESSAGE][PASSED] - Call Test Case 'Test Cases/SetUpp/SetUp' successfully

2019-04-11 17:58:17 - [TEST_STEP][PASSED] - callTestCase(findTestCase("OCS_Page/Login_Page/LoginPage_Positive_validate"), [:], STOP_ON_FAILURE): Call Test Case 'Test Cases/OCS_Page/Login_Page/LoginPage_Positive_validate' successfully

2019-04-11 17:58:17 - [TEST_CASE][PASSED] - Test Cases/OCS_Page/Login_Page/LoginPage_Positive_validate: Test Cases/OCS_Page/Login_Page/LoginPage_Positive_validate

2019-04-11 17:58:17 - [TEST_STEP][PASSED] - setText(findTestObject("Login_Page_OB/Page_Healthcare Manager/input_Login here_username"), "Archana@123"): Text 'Archana@123' is set on object 'Object Repository/Login_Page_OB/Page_Healthcare Manager/input_Login here_username'

2019-04-11 17:58:17 - [MESSAGE][PASSED] - Text 'Archana@123' is set on object 'Object Repository/Login_Page_OB/Page_Healthcare Manager/input_Login here_username'

2019-04-11 17:58:17 - [TEST_STEP][PASSED] - setText(findTestObject("Login_Page_OB/Page_Healthcare Manager/input_Login here_password"), "Archana@123"): Text 'Archana@123' is set on object 'Object Repository/Login_Page_OB/Page_Healthcare Manager/input_Login here_password'

2019-04-11 17:58:17 - [MESSAGE][PASSED] - Text 'Archana@123' is set on object 'Object Repository/Login_Page_OB/Page_Healthcare Manager/input_Login here_password'

2019-04-11 17:58:17 - [TEST_STEP][PASSED] - click(findTestObject("Login_Page_OB/Page_Healthcare Manager/button_Submit")): Object: 'Object Repository/Login_Page_OB/Page_Healthcare Manager/button_Submit' is clicked on

2019-04-11 17:58:17 - [MESSAGE][PASSED] - Object: 'Object Repository/Login_Page_OB/Page_Healthcare Manager/button_Submit' is clicked on

2019-04-11 17:58:17 - [TEST_STEP][NOT_RUN] - verifyElementVisible(findTestObject("Login_Page_OB/Page_Healthcare Manager/div_Login successfully")): NOT_RUN: verifyElementVisible(findTestObject("Login_Page_OB/Page_Healthcare Manager/div_Login successfully"))

2019-04-11 17:58:17 - [MESSAGE][NOT_RUN] - NOT_RUN: verifyElementVisible(findTestObject("Login_Page_OB/Page_Healthcare Manager/div_Login successfully"))

2019-04-11 17:58:17 - [MESSAGE][PASSED] - Call Test Case 'Test Cases/OCS_Page/Login_Page/LoginPage_Positive_validate' successfully

2019-04-11 17:58:17 - [TEST_STEP][PASSED] - click(findTestObject("Home_Page_OR/Page_Healthcare Manager/p_Participants")): Object: 'Object Repository/Home_Page_OR/Page_Healthcare Manager/p_Participants' is clicked on

2019-04-11 17:58:19 - [MESSAGE][PASSED] - Object: 'Object Repository/Home_Page_OR/Page_Healthcare Manager/p_Participants' is clicked on

2019-04-11 17:58:19 - [TEST_STEP][PASSED] - click(findTestObject("Participants_Profile/Page_Healthcare Manager/i_Female_icon icon-views - Copy")): Object: 'Object Repository/Participants_Profile/Page_Healthcare Manager/i_Female_icon icon-views - Copy' is clicked on

2019-04-11 17:58:22 - [MESSAGE][PASSED] - Object: 'Object Repository/Participants_Profile/Page_Healthcare Manager/i_Female_icon icon-views - Copy' is clicked on

2019-04-11 17:58:22 - [TEST_STEP][PASSED] - click(findTestObject("profile_about_requre/Page_Healthcare Manager/a_Requires")): Object: 'Object Repository/profile_about_requre/Page_Healthcare Manager/a_Requires' is clicked on

2019-04-11 17:58:23 - [MESSAGE][PASSED] - Object: 'Object Repository/profile_about_requre/Page_Healthcare Manager/a_Requires' is clicked on

2019-04-11 17:58:23 - [TEST_STEP][PASSED] - click(findTestObject("profile_about_requre/Page_Healthcare Manager/a_Update Btn Requirements")): Object: 'Object Repository/profile_about_requre/Page_Healthcare Manager/a_Update Btn Requirements' is clicked on

2019-04-11 17:58:23 - [MESSAGE][PASSED] - Object: 'Object Repository/profile_about_requre/Page_Healthcare Manager/a_Update Btn Requirements' is clicked on

2019-04-11 17:58:23 - [TEST_STEP][PASSED] - click(findTestObject("profile_about_requre/Page_Healthcare Manager/button_Update requirement")): Object: 'Object Repository/profile_about_requre/Page_Healthcare Manager/button_Update requirement' is clicked on

2019-04-11 17:58:24 - [MESSAGE][PASSED] - Object: 'Object Repository/profile_about_requre/Page_Healthcare Manager/button_Update requirement' is clicked on

2019-04-11 17:58:24 - [MESSAGE][PASSED] - Call Test Case 'Test Cases/OCS_Page/Participants_page/Participants_Ptrofile/ParticipantsProfile_Requres' successfully

2019-04-11 17:58:24 - [TEST_STEP][PASSED] - callTestCase(findTestCase("OCS_Page/Participants_page/Participants_Ptrofile/Participants_FMS"), [:], STOP_ON_FAILURE): Call Test Case 'Test Cases/OCS_Page/Participants_page/Participants_Ptrofile/Participants_FMS' successfully

2019-04-11 17:58:24 - [TEST_CASE][PASSED] - Test Cases/OCS_Page/Participants_page/Participants_Ptrofile/Participants_FMS: Test Cases/OCS_Page/Participants_page/Participants_Ptrofile/Participants_FMS

2019-04-11 17:58:24 - [TEST_STEP][PASSED] - callTestCase(findTestCase("SetUpp/SetUp"), [:], STOP_ON_FAILURE): Call Test Case 'Test Cases/SetUpp/SetUp' successfully

2019-04-11 17:58:24 - [TEST_CASE][PASSED] - Test Cases/SetUpp/SetUp: Test Cases/SetUpp/SetUp

2019-04-11 17:58:24 - [TEST_STEP][PASSED] - openBrowser(""): Browser is opened with url: ''

2019-04-11 17:58:24 - [MESSAGE][WARNING] - A browser is already opened. Closing browser and opening a new one

2019-04-11 17:58:25 - [MESSAGE][INFO] - Starting 'Firefox' driver

2019-04-11 17:58:27 - [MESSAGE][PASSED] - Browser is opened with url: ''

2019-04-11 17:58:27 - [TEST_STEP][PASSED] - navigateToUrl("https://ydtwebstaging.com"): Navigate to 'https://ydtwebstaging.com' successfully

2019-04-11 17:58:36 - [MESSAGE][PASSED] - Navigate to 'https://ydtwebstaging.com' successfully

2019-04-11 17:58:36 - [TEST_STEP][PASSED] - maximizeWindow(): Current window maximized

2019-04-11 17:58:36 - [MESSAGE][PASSED] - Current window maximized

2019-04-11 17:58:36 - [TEST_STEP][PASSED] - deleteAllCookies(): Delete all cookies successfully

2019-04-11 17:58:36 - [MESSAGE][PASSED] - Delete all cookies successfully

2019-04-11 17:58:36 - [TEST_STEP][PASSED] - getWindowTitle(): Current window's title is: 'Healthcare Manager'

2019-04-11 17:58:36 - [MESSAGE][PASSED] - Current window's title is: 'Healthcare Manager'

2019-04-11 17:58:36 - [TEST_STEP][PASSED] - waitForPageLoad(30): Wait for page load successfully

2019-04-11 17:58:36 - [MESSAGE][PASSED] - Wait for page load successfully

2019-04-11 17:58:36 - [MESSAGE][PASSED] - Call Test Case 'Test Cases/SetUpp/SetUp' successfully

2019-04-11 17:58:36 - [TEST_STEP][PASSED] - callTestCase(findTestCase("OCS_Page/Login_Page/LoginPage_Positive_validate"), [:], STOP_ON_FAILURE): Call Test Case 'Test Cases/OCS_Page/Login_Page/LoginPage_Positive_validate' successfully

2019-04-11 17:58:36 - [TEST_CASE][PASSED] - Test Cases/OCS_Page/Login_Page/LoginPage_Positive_validate: Test Cases/OCS_Page/Login_Page/LoginPage_Positive_validate

2019-04-11 17:58:36 - [TEST_STEP][PASSED] - setText(findTestObject("Login_Page_OB/Page_Healthcare Manager/input_Login here_username"), "Archana@123"): Text 'Archana@123' is set on object 'Object Repository/Login_Page_OB/Page_Healthcare Manager/input_Login here_username'

2019-04-11 17:58:36 - [MESSAGE][PASSED] - Text 'Archana@123' is set on object 'Object Repository/Login_Page_OB/Page_Healthcare Manager/input_Login here_username'

2019-04-11 17:58:36 - [TEST_STEP][PASSED] - setText(findTestObject("Login_Page_OB/Page_Healthcare Manager/input_Login here_password"), "Archana@123"): Text 'Archana@123' is set on object 'Object Repository/Login_Page_OB/Page_Healthcare Manager/input_Login here_password'

2019-04-11 17:58:37 - [MESSAGE][PASSED] - Text 'Archana@123' is set on object 'Object Repository/Login_Page_OB/Page_Healthcare Manager/input_Login here_password'

2019-04-11 17:58:37 - [TEST_STEP][PASSED] - click(findTestObject("Login_Page_OB/Page_Healthcare Manager/button_Submit")): Object: 'Object Repository/Login_Page_OB/Page_Healthcare Manager/button_Submit' is clicked on

2019-04-11 17:58:37 - [MESSAGE][PASSED] - Object: 'Object Repository/Login_Page_OB/Page_Healthcare Manager/button_Submit' is clicked on

2019-04-11 17:58:37 - [TEST_STEP][NOT_RUN] - verifyElementVisible(findTestObject("Login_Page_OB/Page_Healthcare Manager/div_Login successfully")): NOT_RUN: verifyElementVisible(findTestObject("Login_Page_OB/Page_Healthcare Manager/div_Login successfully"))

2019-04-11 17:58:37 - [MESSAGE][NOT_RUN] - NOT_RUN: verifyElementVisible(findTestObject("Login_Page_OB/Page_Healthcare Manager/div_Login successfully"))

2019-04-11 17:58:37 - [MESSAGE][PASSED] - Call Test Case 'Test Cases/OCS_Page/Login_Page/LoginPage_Positive_validate' successfully

2019-04-11 17:58:37 - [TEST_STEP][PASSED] - click(findTestObject("Home_Page_OR/Page_Healthcare Manager/p_Participants")): Object: 'Object Repository/Home_Page_OR/Page_Healthcare Manager/p_Participants' is clicked on

2019-04-11 17:58:39 - [MESSAGE][PASSED] - Object: 'Object Repository/Home_Page_OR/Page_Healthcare Manager/p_Participants' is clicked on

2019-04-11 17:58:39 - [TEST_STEP][PASSED] - click(findTestObject("Participants_Profile/Page_Healthcare Manager/i_Female_icon icon-views - Copy")): Object: 'Object Repository/Participants_Profile/Page_Healthcare Manager/i_Female_icon icon-views - Copy' is clicked on

2019-04-11 17:58:43 - [MESSAGE][PASSED] - Object: 'Object Repository/Participants_Profile/Page_Healthcare Manager/i_Female_icon icon-views - Copy' is clicked on

2019-04-11 17:58:43 - [TEST_STEP][PASSED] - click(findTestObject("profile_FMS/Page_Healthcare Manager/a_FMS")): Object: 'Object Repository/profile_FMS/Page_Healthcare Manager/a_FMS' is clicked on

2019-04-11 17:58:43 - [MESSAGE][PASSED] - Object: 'Object Repository/profile_FMS/Page_Healthcare Manager/a_FMS' is clicked on

2019-04-11 17:58:43 - [TEST_STEP][PASSED] - sendKeys(findTestObject("profile_FMS/Page_Healthcare Manager/input_Please Enter Your Credentials_pin"), "123456"): Keys '123456' sent to object: 'Object Repository/profile_FMS/Page_Healthcare Manager/input_Please Enter Your Credentials_pin'

2019-04-11 17:58:43 - [MESSAGE][PASSED] - Keys '123456' sent to object: 'Object Repository/profile_FMS/Page_Healthcare Manager/input_Please Enter Your Credentials_pin'

2019-04-11 17:58:43 - [TEST_STEP][PASSED] - submit(findTestObject("profile_FMS/Page_Healthcare Manager/input_Please Enter Your Credentials_pin")): The form containing object: 'Object Repository/profile_FMS/Page_Healthcare Manager/input_Please Enter Your Credentials_pin' is submitted

2019-04-11 17:58:43 - [MESSAGE][PASSED] - The form containing object: 'Object Repository/profile_FMS/Page_Healthcare Manager/input_Please Enter Your Credentials_pin' is submitted

2019-04-11 17:58:43 - [TEST_STEP][PASSED] - verifyElementVisible(findTestObject("profile_FMS/Page_Healthcare Manager/div_Feedback Tracker")): Object 'Object Repository/profile_FMS/Page_Healthcare Manager/div_Feedback Tracker' is visible

2019-04-11 17:58:44 - [MESSAGE][PASSED] - Object 'Object Repository/profile_FMS/Page_Healthcare Manager/div_Feedback Tracker' is visible

2019-04-11 17:58:44 - [MESSAGE][PASSED] - Call Test Case 'Test Cases/OCS_Page/Participants_page/Participants_Ptrofile/Participants_FMS' successfully

2019-04-11 17:58:44 - [TEST_STEP][PASSED] - callTestCase(findTestCase("TearDown/Broweser _close"), [:], STOP_ON_FAILURE): Call Test Case 'Test Cases/TearDown/Broweser _close' successfully

2019-04-11 17:58:44 - [TEST_CASE][PASSED] - Test Cases/TearDown/Broweser _close: Test Cases/TearDown/Broweser _close

2019-04-11 17:58:44 - [TEST_STEP][PASSED] - closeBrowser(): Browser is closed

2019-04-11 17:58:45 - [MESSAGE][PASSED] - Browser is closed

2019-04-11 17:58:45 - [MESSAGE][PASSED] - Call Test Case 'Test Cases/TearDown/Broweser _close' successfully]]></system-out>
         <system-err><![CDATA[]]></system-err>
      </testcase>
      <testcase name="Test Cases/OCS_Page_Test/Participants_Test/Participants_founds" classname="Test Cases/OCS_Page_Test/Participants_Test/Participants_founds" status="PASSED">
         <system-out><![CDATA[2019-04-11 17:58:45 - [TEST_CASE][PASSED] - Test Cases/OCS_Page_Test/Participants_Test/Participants_founds: Test Cases/OCS_Page_Test/Participants_Test/Participants_founds

2019-04-11 17:58:45 - [TEST_STEP][PASSED] - callTestCase(findTestCase("SetUpp/SetUp"), [:], STOP_ON_FAILURE): Call Test Case 'Test Cases/SetUpp/SetUp' successfully

2019-04-11 17:58:45 - [TEST_CASE][PASSED] - Test Cases/SetUpp/SetUp: Test Cases/SetUpp/SetUp

2019-04-11 17:58:45 - [TEST_STEP][PASSED] - openBrowser(""): Browser is opened with url: ''

2019-04-11 17:58:45 - [MESSAGE][INFO] - Starting 'Firefox' driver

2019-04-11 17:58:48 - [MESSAGE][PASSED] - Browser is opened with url: ''

2019-04-11 17:58:48 - [TEST_STEP][PASSED] - navigateToUrl("https://ydtwebstaging.com"): Navigate to 'https://ydtwebstaging.com' successfully

2019-04-11 17:58:56 - [MESSAGE][PASSED] - Navigate to 'https://ydtwebstaging.com' successfully

2019-04-11 17:58:56 - [TEST_STEP][PASSED] - maximizeWindow(): Current window maximized

2019-04-11 17:58:56 - [MESSAGE][PASSED] - Current window maximized

2019-04-11 17:58:56 - [TEST_STEP][PASSED] - deleteAllCookies(): Delete all cookies successfully

2019-04-11 17:58:56 - [MESSAGE][PASSED] - Delete all cookies successfully

2019-04-11 17:58:56 - [TEST_STEP][PASSED] - getWindowTitle(): Current window's title is: 'Healthcare Manager'

2019-04-11 17:58:56 - [MESSAGE][PASSED] - Current window's title is: 'Healthcare Manager'

2019-04-11 17:58:56 - [TEST_STEP][PASSED] - waitForPageLoad(30): Wait for page load successfully

2019-04-11 17:58:56 - [MESSAGE][PASSED] - Wait for page load successfully

2019-04-11 17:58:56 - [MESSAGE][PASSED] - Call Test Case 'Test Cases/SetUpp/SetUp' successfully

2019-04-11 17:58:56 - [TEST_STEP][PASSED] - callTestCase(findTestCase("OCS_Page/Login_Page/LoginPage_Positive_validate"), [:], STOP_ON_FAILURE): Call Test Case 'Test Cases/OCS_Page/Login_Page/LoginPage_Positive_validate' successfully

2019-04-11 17:58:56 - [TEST_CASE][PASSED] - Test Cases/OCS_Page/Login_Page/LoginPage_Positive_validate: Test Cases/OCS_Page/Login_Page/LoginPage_Positive_validate

2019-04-11 17:58:56 - [TEST_STEP][PASSED] - setText(findTestObject("Login_Page_OB/Page_Healthcare Manager/input_Login here_username"), "Archana@123"): Text 'Archana@123' is set on object 'Object Repository/Login_Page_OB/Page_Healthcare Manager/input_Login here_username'

2019-04-11 17:58:56 - [MESSAGE][PASSED] - Text 'Archana@123' is set on object 'Object Repository/Login_Page_OB/Page_Healthcare Manager/input_Login here_username'

2019-04-11 17:58:56 - [TEST_STEP][PASSED] - setText(findTestObject("Login_Page_OB/Page_Healthcare Manager/input_Login here_password"), "Archana@123"): Text 'Archana@123' is set on object 'Object Repository/Login_Page_OB/Page_Healthcare Manager/input_Login here_password'

2019-04-11 17:58:56 - [MESSAGE][PASSED] - Text 'Archana@123' is set on object 'Object Repository/Login_Page_OB/Page_Healthcare Manager/input_Login here_password'

2019-04-11 17:58:56 - [TEST_STEP][PASSED] - click(findTestObject("Login_Page_OB/Page_Healthcare Manager/button_Submit")): Object: 'Object Repository/Login_Page_OB/Page_Healthcare Manager/button_Submit' is clicked on

2019-04-11 17:58:56 - [MESSAGE][PASSED] - Object: 'Object Repository/Login_Page_OB/Page_Healthcare Manager/button_Submit' is clicked on

2019-04-11 17:58:56 - [TEST_STEP][NOT_RUN] - verifyElementVisible(findTestObject("Login_Page_OB/Page_Healthcare Manager/div_Login successfully")): NOT_RUN: verifyElementVisible(findTestObject("Login_Page_OB/Page_Healthcare Manager/div_Login successfully"))

2019-04-11 17:58:56 - [MESSAGE][NOT_RUN] - NOT_RUN: verifyElementVisible(findTestObject("Login_Page_OB/Page_Healthcare Manager/div_Login successfully"))

2019-04-11 17:58:56 - [MESSAGE][PASSED] - Call Test Case 'Test Cases/OCS_Page/Login_Page/LoginPage_Positive_validate' successfully

2019-04-11 17:58:56 - [TEST_STEP][PASSED] - click(findTestObject("Home_Page_OR/Page_Healthcare Manager/p_Participants")): Object: 'Object Repository/Home_Page_OR/Page_Healthcare Manager/p_Participants' is clicked on

2019-04-11 17:58:58 - [MESSAGE][PASSED] - Object: 'Object Repository/Home_Page_OR/Page_Healthcare Manager/p_Participants' is clicked on

2019-04-11 17:58:58 - [TEST_STEP][PASSED] - click(findTestObject("Participants_Profile/Page_Healthcare Manager/i_Female_icon icon-views - Copy")): Object: 'Object Repository/Participants_Profile/Page_Healthcare Manager/i_Female_icon icon-views - Copy' is clicked on

2019-04-11 17:59:01 - [MESSAGE][PASSED] - Object: 'Object Repository/Participants_Profile/Page_Healthcare Manager/i_Female_icon icon-views - Copy' is clicked on

2019-04-11 17:59:01 - [TEST_STEP][PASSED] - click(findTestObject("found_module_or/Page_Healthcare Manager/Page_Healthcare Manager/a_Funding")): Object: 'Object Repository/found_module_or/Page_Healthcare Manager/Page_Healthcare Manager/a_Funding' is clicked on

2019-04-11 17:59:02 - [MESSAGE][PASSED] - Object: 'Object Repository/found_module_or/Page_Healthcare Manager/Page_Healthcare Manager/a_Funding' is clicked on

2019-04-11 17:59:02 - [TEST_STEP][PASSED] - click(findTestObject("found_module_or/Page_Healthcare Manager/a_Docs_link")): Object: 'Object Repository/found_module_or/Page_Healthcare Manager/a_Docs_link' is clicked on

2019-04-11 17:59:03 - [MESSAGE][PASSED] - Object: 'Object Repository/found_module_or/Page_Healthcare Manager/a_Docs_link' is clicked on

2019-04-11 17:59:03 - [TEST_STEP][PASSED] - click(findTestObject("found_module_or/Page_Healthcare Manager/a_Upload New Doc(s)")): Object: 'Object Repository/found_module_or/Page_Healthcare Manager/a_Upload New Doc(s)' is clicked on

2019-04-11 17:59:03 - [MESSAGE][PASSED] - Object: 'Object Repository/found_module_or/Page_Healthcare Manager/a_Upload New Doc(s)' is clicked on

2019-04-11 17:59:03 - [TEST_STEP][PASSED] - setText(findTestObject("found_module_or/Page_Healthcare Manager/input"), "Demo download"): Text 'Demo download' is set on object 'Object Repository/found_module_or/Page_Healthcare Manager/input'

2019-04-11 17:59:03 - [MESSAGE][PASSED] - Text 'Demo download' is set on object 'Object Repository/found_module_or/Page_Healthcare Manager/input'

2019-04-11 17:59:03 - [TEST_STEP][PASSED] - click(findTestObject("found_module_or/Page_Healthcare Manager/div_Select_docs cat")): Object: 'Object Repository/found_module_or/Page_Healthcare Manager/div_Select_docs cat' is clicked on

2019-04-11 17:59:04 - [MESSAGE][PASSED] - Object: 'Object Repository/found_module_or/Page_Healthcare Manager/div_Select_docs cat' is clicked on

2019-04-11 17:59:04 - [TEST_STEP][PASSED] - click(findTestObject("found_module_or/Page_Healthcare Manager/div_Option 2")): Object: 'Object Repository/found_module_or/Page_Healthcare Manager/div_Option 2' is clicked on

2019-04-11 17:59:04 - [MESSAGE][PASSED] - Object: 'Object Repository/found_module_or/Page_Healthcare Manager/div_Option 2' is clicked on

2019-04-11 17:59:04 - [TEST_STEP][PASSED] - setText(findTestObject("found_module_or/Page_Healthcare Manager/input_Docs Expiry Date_expiry_date"), "20-04-2019"): Text '20-04-2019' is set on object 'Object Repository/found_module_or/Page_Healthcare Manager/input_Docs Expiry Date_expiry_date'

2019-04-11 17:59:05 - [MESSAGE][PASSED] - Text '20-04-2019' is set on object 'Object Repository/found_module_or/Page_Healthcare Manager/input_Docs Expiry Date_expiry_date'

2019-04-11 17:59:05 - [TEST_STEP][PASSED] - if (false): null

2019-04-11 17:59:05 - [TEST_STEP][PASSED] - else: Object 'Object Repository/found_module_or/Page_Healthcare Manager/Page_Healthcare Manager/Page_Healthcare Manager/div_The filetype you are attempting to upload is not allowed' is visible

2019-04-11 17:59:05 - [TEST_STEP][PASSED] - Upload.uploadfile(findTestObject("found_module_or/Page_Healthcare Manager/i_Upload New Doc(s)_field"), "C:\Users\win10\Documents\daily task.txt"): Upload.uploadfile is PASSED

2019-04-11 17:59:05 - [MESSAGE][PASSED] - Object: 'Object Repository/found_module_or/Page_Healthcare Manager/i_Upload New Doc(s)_field' is clicked on

2019-04-11 17:59:05 - [MESSAGE][PASSED] - Upload.uploadfile is PASSED

2019-04-11 17:59:05 - [TEST_STEP][PASSED] - click(findTestObject("found_module_or/Page_Healthcare Manager/input__save_btn")): Object: 'Object Repository/found_module_or/Page_Healthcare Manager/input__save_btn' is clicked on

2019-04-11 17:59:06 - [MESSAGE][PASSED] - Object: 'Object Repository/found_module_or/Page_Healthcare Manager/input__save_btn' is clicked on

2019-04-11 17:59:06 - [TEST_STEP][PASSED] - delay(5): Delayed 5 second(s)

2019-04-11 17:59:11 - [MESSAGE][PASSED] - Delayed 5 second(s)

2019-04-11 17:59:11 - [TEST_STEP][PASSED] - verifyElementVisible(findTestObject("found_module_or/Page_Healthcare Manager/Page_Healthcare Manager/Page_Healthcare Manager/div_The filetype you are attempting to upload is not allowed")): Object 'Object Repository/found_module_or/Page_Healthcare Manager/Page_Healthcare Manager/Page_Healthcare Manager/div_The filetype you are attempting to upload is not allowed' is visible

2019-04-11 17:59:11 - [MESSAGE][PASSED] - Object 'Object Repository/found_module_or/Page_Healthcare Manager/Page_Healthcare Manager/Page_Healthcare Manager/div_The filetype you are attempting to upload is not allowed' is visible]]></system-out>
         <system-err><![CDATA[]]></system-err>
      </testcase>
      <testcase name="Test Cases/OCS_Page_Test/Participants_Test/Participants_fund_docs_download" classname="Test Cases/OCS_Page_Test/Participants_Test/Participants_fund_docs_download" status="PASSED">
         <system-out><![CDATA[2019-04-11 17:59:11 - [TEST_CASE][PASSED] - Test Cases/OCS_Page_Test/Participants_Test/Participants_fund_docs_download: Test Cases/OCS_Page_Test/Participants_Test/Participants_fund_docs_download

2019-04-11 17:59:11 - [TEST_STEP][PASSED] - callTestCase(findTestCase("SetUpp/SetUp"), [:], STOP_ON_FAILURE): Call Test Case 'Test Cases/SetUpp/SetUp' successfully

2019-04-11 17:59:11 - [TEST_CASE][PASSED] - Test Cases/SetUpp/SetUp: Test Cases/SetUpp/SetUp

2019-04-11 17:59:11 - [TEST_STEP][PASSED] - openBrowser(""): Browser is opened with url: ''

2019-04-11 17:59:11 - [MESSAGE][WARNING] - A browser is already opened. Closing browser and opening a new one

2019-04-11 17:59:12 - [MESSAGE][INFO] - Starting 'Firefox' driver

2019-04-11 17:59:14 - [MESSAGE][PASSED] - Browser is opened with url: ''

2019-04-11 17:59:14 - [TEST_STEP][PASSED] - navigateToUrl("https://ydtwebstaging.com"): Navigate to 'https://ydtwebstaging.com' successfully

2019-04-11 17:59:21 - [MESSAGE][PASSED] - Navigate to 'https://ydtwebstaging.com' successfully

2019-04-11 17:59:21 - [TEST_STEP][PASSED] - maximizeWindow(): Current window maximized

2019-04-11 17:59:22 - [MESSAGE][PASSED] - Current window maximized

2019-04-11 17:59:22 - [TEST_STEP][PASSED] - deleteAllCookies(): Delete all cookies successfully

2019-04-11 17:59:22 - [MESSAGE][PASSED] - Delete all cookies successfully

2019-04-11 17:59:22 - [TEST_STEP][PASSED] - getWindowTitle(): Current window's title is: 'Healthcare Manager'

2019-04-11 17:59:22 - [MESSAGE][PASSED] - Current window's title is: 'Healthcare Manager'

2019-04-11 17:59:22 - [TEST_STEP][PASSED] - waitForPageLoad(30): Wait for page load successfully

2019-04-11 17:59:22 - [MESSAGE][PASSED] - Wait for page load successfully

2019-04-11 17:59:22 - [MESSAGE][PASSED] - Call Test Case 'Test Cases/SetUpp/SetUp' successfully

2019-04-11 17:59:22 - [TEST_STEP][PASSED] - callTestCase(findTestCase("OCS_Page/Login_Page/LoginPage_Positive_validate"), [:], STOP_ON_FAILURE): Call Test Case 'Test Cases/OCS_Page/Login_Page/LoginPage_Positive_validate' successfully

2019-04-11 17:59:22 - [TEST_CASE][PASSED] - Test Cases/OCS_Page/Login_Page/LoginPage_Positive_validate: Test Cases/OCS_Page/Login_Page/LoginPage_Positive_validate

2019-04-11 17:59:22 - [TEST_STEP][PASSED] - setText(findTestObject("Login_Page_OB/Page_Healthcare Manager/input_Login here_username"), "Archana@123"): Text 'Archana@123' is set on object 'Object Repository/Login_Page_OB/Page_Healthcare Manager/input_Login here_username'

2019-04-11 17:59:22 - [MESSAGE][PASSED] - Text 'Archana@123' is set on object 'Object Repository/Login_Page_OB/Page_Healthcare Manager/input_Login here_username'

2019-04-11 17:59:22 - [TEST_STEP][PASSED] - setText(findTestObject("Login_Page_OB/Page_Healthcare Manager/input_Login here_password"), "Archana@123"): Text 'Archana@123' is set on object 'Object Repository/Login_Page_OB/Page_Healthcare Manager/input_Login here_password'

2019-04-11 17:59:22 - [MESSAGE][PASSED] - Text 'Archana@123' is set on object 'Object Repository/Login_Page_OB/Page_Healthcare Manager/input_Login here_password'

2019-04-11 17:59:22 - [TEST_STEP][PASSED] - click(findTestObject("Login_Page_OB/Page_Healthcare Manager/button_Submit")): Object: 'Object Repository/Login_Page_OB/Page_Healthcare Manager/button_Submit' is clicked on

2019-04-11 17:59:22 - [MESSAGE][PASSED] - Object: 'Object Repository/Login_Page_OB/Page_Healthcare Manager/button_Submit' is clicked on

2019-04-11 17:59:22 - [TEST_STEP][NOT_RUN] - verifyElementVisible(findTestObject("Login_Page_OB/Page_Healthcare Manager/div_Login successfully")): NOT_RUN: verifyElementVisible(findTestObject("Login_Page_OB/Page_Healthcare Manager/div_Login successfully"))

2019-04-11 17:59:22 - [MESSAGE][NOT_RUN] - NOT_RUN: verifyElementVisible(findTestObject("Login_Page_OB/Page_Healthcare Manager/div_Login successfully"))

2019-04-11 17:59:22 - [MESSAGE][PASSED] - Call Test Case 'Test Cases/OCS_Page/Login_Page/LoginPage_Positive_validate' successfully

2019-04-11 17:59:22 - [TEST_STEP][PASSED] - click(findTestObject("Home_Page_OR/Page_Healthcare Manager/p_Participants")): Object: 'Object Repository/Home_Page_OR/Page_Healthcare Manager/p_Participants' is clicked on

2019-04-11 17:59:24 - [MESSAGE][PASSED] - Object: 'Object Repository/Home_Page_OR/Page_Healthcare Manager/p_Participants' is clicked on

2019-04-11 17:59:24 - [TEST_STEP][PASSED] - click(findTestObject("Participants_Profile/Page_Healthcare Manager/i_Female_icon icon-views - Copy")): Object: 'Object Repository/Participants_Profile/Page_Healthcare Manager/i_Female_icon icon-views - Copy' is clicked on

2019-04-11 17:59:27 - [MESSAGE][PASSED] - Object: 'Object Repository/Participants_Profile/Page_Healthcare Manager/i_Female_icon icon-views - Copy' is clicked on

2019-04-11 17:59:27 - [TEST_STEP][PASSED] - click(findTestObject("found_module_or/Page_Healthcare Manager/Page_Healthcare Manager/a_Funding")): Object: 'Object Repository/found_module_or/Page_Healthcare Manager/Page_Healthcare Manager/a_Funding' is clicked on

2019-04-11 17:59:28 - [MESSAGE][PASSED] - Object: 'Object Repository/found_module_or/Page_Healthcare Manager/Page_Healthcare Manager/a_Funding' is clicked on

2019-04-11 17:59:28 - [TEST_STEP][PASSED] - click(findTestObject("found_module_or/Page_Healthcare Manager/a_Docs_link")): Object: 'Object Repository/found_module_or/Page_Healthcare Manager/a_Docs_link' is clicked on

2019-04-11 17:59:28 - [MESSAGE][PASSED] - Object: 'Object Repository/found_module_or/Page_Healthcare Manager/a_Docs_link' is clicked on

2019-04-11 17:59:28 - [TEST_STEP][PASSED] - if (false): null

2019-04-11 17:59:28 - [TEST_STEP][PASSED] - else: Object 'Object Repository/found_module_or/Page_Healthcare Manager/Page_Healthcare Manager/Page_Healthcare Manager/Page_Healthcare Manager/div_Please select at least one document for download' is visible

2019-04-11 17:59:28 - [TEST_STEP][PASSED] - click(findTestObject("found_module_or/Page_Healthcare Manager/Page_Healthcare Manager/Page_Healthcare Manager/Page_Healthcare Manager/a_Download Selected")): Object: 'Object Repository/found_module_or/Page_Healthcare Manager/Page_Healthcare Manager/Page_Healthcare Manager/Page_Healthcare Manager/a_Download Selected' is clicked on

2019-04-11 17:59:29 - [MESSAGE][PASSED] - Object: 'Object Repository/found_module_or/Page_Healthcare Manager/Page_Healthcare Manager/Page_Healthcare Manager/Page_Healthcare Manager/a_Download Selected' is clicked on

2019-04-11 17:59:29 - [TEST_STEP][PASSED] - verifyElementVisible(findTestObject("found_module_or/Page_Healthcare Manager/Page_Healthcare Manager/Page_Healthcare Manager/Page_Healthcare Manager/div_Please select at least one document for download")): Object 'Object Repository/found_module_or/Page_Healthcare Manager/Page_Healthcare Manager/Page_Healthcare Manager/Page_Healthcare Manager/div_Please select at least one document for download' is visible

2019-04-11 17:59:29 - [MESSAGE][PASSED] - Object 'Object Repository/found_module_or/Page_Healthcare Manager/Page_Healthcare Manager/Page_Healthcare Manager/Page_Healthcare Manager/div_Please select at least one document for download' is visible]]></system-out>
         <system-err><![CDATA[]]></system-err>
      </testcase>
      <system-out><![CDATA[2019-04-11 17:56:07 - [TEST_SUITE][PASSED] - ParticipantsPage Test: Test Cases/OCS_Page_Test/Participants_Test/Participants_fund_docs_download]]></system-out>
      <system-err><![CDATA[]]></system-err>
   </testsuite>
</testsuites>
